[2021-07-12 18:23:36,913] [nioEventLoopGroup-2-1] [INFO ] [cn.ttplatform.wh.demo.ClientDuplexChannelHandler.channelInactive(ClientDuplexChannelHandler.java:37)]: channelInactive
[2021-07-12 18:27:42,572] [main] [INFO ] [cn.ttplatform.wh.demo.Client$Watcher.waitResult(Client.java:69)]: receive 100 times resp cost 524961200 ns.
[2021-07-12 18:27:42,761] [main] [INFO ] [cn.ttplatform.wh.demo.Client$Watcher.waitResult(Client.java:69)]: receive 100 times resp cost 186638600 ns.
[2021-07-12 18:27:42,762] [nioEventLoopGroup-2-1] [INFO ] [cn.ttplatform.wh.demo.ClientDuplexChannelHandler.channelInactive(ClientDuplexChannelHandler.java:37)]: channelInactive
[2021-07-12 18:30:57,064] [main] [INFO ] [cn.ttplatform.wh.demo.Client$Watcher.waitResult(Client.java:69)]: receive 100 times resp cost 520632300 ns.
[2021-07-12 18:30:57,267] [main] [INFO ] [cn.ttplatform.wh.demo.Client$Watcher.waitResult(Client.java:69)]: receive 100 times resp cost 193052200 ns.
[2021-07-12 18:30:57,269] [nioEventLoopGroup-2-1] [INFO ] [cn.ttplatform.wh.demo.ClientDuplexChannelHandler.channelInactive(ClientDuplexChannelHandler.java:37)]: channelInactive
[2021-07-12 18:32:45,032] [main] [INFO ] [cn.ttplatform.wh.demo.Client$Watcher.waitResult(Client.java:69)]: receive 100 times resp cost 343194700 ns.
[2021-07-12 18:32:45,054] [main] [INFO ] [cn.ttplatform.wh.demo.Client$Watcher.waitResult(Client.java:69)]: receive 100 times resp cost 20410100 ns.
[2021-07-12 18:32:45,055] [nioEventLoopGroup-2-1] [INFO ] [cn.ttplatform.wh.demo.ClientDuplexChannelHandler.channelInactive(ClientDuplexChannelHandler.java:37)]: channelInactive
[2021-07-12 18:35:02,047] [nioEventLoopGroup-2-1] [INFO ] [cn.ttplatform.wh.demo.ClientDuplexChannelHandler.channelRead(ClientDuplexChannelHandler.java:44)]: time = 58326413639900, count = 10000, msg = SetResultCommand{id='6f462ca3-874e-4427-aa52-78af5ffc6c459999', result=true}
[2021-07-12 18:35:03,434] [nioEventLoopGroup-2-1] [INFO ] [cn.ttplatform.wh.demo.ClientDuplexChannelHandler.channelRead(ClientDuplexChannelHandler.java:44)]: time = 58327801183800, count = 20000, msg = SetResultCommand{id='6f462ca3-874e-4427-aa52-78af5ffc6c4519999', result=true}
[2021-07-12 18:35:04,909] [nioEventLoopGroup-2-1] [INFO ] [cn.ttplatform.wh.demo.ClientDuplexChannelHandler.channelRead(ClientDuplexChannelHandler.java:44)]: time = 58329276643600, count = 30000, msg = SetResultCommand{id='6f462ca3-874e-4427-aa52-78af5ffc6c4529999', result=true}
[2021-07-12 18:35:06,251] [nioEventLoopGroup-2-1] [INFO ] [cn.ttplatform.wh.demo.ClientDuplexChannelHandler.channelRead(ClientDuplexChannelHandler.java:44)]: time = 58330617632300, count = 40000, msg = SetResultCommand{id='6f462ca3-874e-4427-aa52-78af5ffc6c4539999', result=true}
[2021-07-12 18:35:07,748] [nioEventLoopGroup-2-1] [INFO ] [cn.ttplatform.wh.demo.ClientDuplexChannelHandler.channelRead(ClientDuplexChannelHandler.java:44)]: time = 58332114674900, count = 50000, msg = SetResultCommand{id='6f462ca3-874e-4427-aa52-78af5ffc6c4549999', result=true}
[2021-07-12 18:35:09,099] [nioEventLoopGroup-2-1] [INFO ] [cn.ttplatform.wh.demo.ClientDuplexChannelHandler.channelRead(ClientDuplexChannelHandler.java:44)]: time = 58333465580100, count = 60000, msg = SetResultCommand{id='6f462ca3-874e-4427-aa52-78af5ffc6c4559999', result=true}
[2021-07-12 18:35:10,405] [nioEventLoopGroup-2-1] [INFO ] [cn.ttplatform.wh.demo.ClientDuplexChannelHandler.channelInactive(ClientDuplexChannelHandler.java:37)]: channelInactive
[2021-07-12 18:46:30,371] [nioEventLoopGroup-2-1] [INFO ] [cn.ttplatform.wh.demo.ClientDuplexChannelHandler.channelRead(ClientDuplexChannelHandler.java:44)]: time = 59014737193600, count = 10000, msg = SetResultCommand{id='95111199-4c29-44fa-a7d1-393ea3211af19999', result=true}
[2021-07-12 18:46:31,882] [nioEventLoopGroup-2-1] [INFO ] [cn.ttplatform.wh.demo.ClientDuplexChannelHandler.channelRead(ClientDuplexChannelHandler.java:44)]: time = 59016248917400, count = 20000, msg = SetResultCommand{id='95111199-4c29-44fa-a7d1-393ea3211af119999', result=true}
[2021-07-12 18:46:33,225] [nioEventLoopGroup-2-1] [INFO ] [cn.ttplatform.wh.demo.ClientDuplexChannelHandler.channelRead(ClientDuplexChannelHandler.java:44)]: time = 59017591861900, count = 30000, msg = SetResultCommand{id='95111199-4c29-44fa-a7d1-393ea3211af129999', result=true}
[2021-07-12 18:46:34,616] [nioEventLoopGroup-2-1] [INFO ] [cn.ttplatform.wh.demo.ClientDuplexChannelHandler.channelRead(ClientDuplexChannelHandler.java:44)]: time = 59018983661800, count = 40000, msg = SetResultCommand{id='95111199-4c29-44fa-a7d1-393ea3211af139999', result=true}
[2021-07-12 18:46:35,951] [nioEventLoopGroup-2-1] [INFO ] [cn.ttplatform.wh.demo.ClientDuplexChannelHandler.channelRead(ClientDuplexChannelHandler.java:44)]: time = 59020318535500, count = 50000, msg = SetResultCommand{id='95111199-4c29-44fa-a7d1-393ea3211af149999', result=true}
[2021-07-12 18:46:37,393] [nioEventLoopGroup-2-1] [INFO ] [cn.ttplatform.wh.demo.ClientDuplexChannelHandler.channelRead(ClientDuplexChannelHandler.java:44)]: time = 59021759450500, count = 60000, msg = SetResultCommand{id='95111199-4c29-44fa-a7d1-393ea3211af159999', result=true}
[2021-07-12 18:46:38,743] [nioEventLoopGroup-2-1] [INFO ] [cn.ttplatform.wh.demo.ClientDuplexChannelHandler.channelRead(ClientDuplexChannelHandler.java:44)]: time = 59023109004300, count = 70000, msg = SetResultCommand{id='95111199-4c29-44fa-a7d1-393ea3211af169999', result=true}
[2021-07-12 18:46:39,164] [nioEventLoopGroup-2-1] [INFO ] [cn.ttplatform.wh.demo.ClientDuplexChannelHandler.channelInactive(ClientDuplexChannelHandler.java:37)]: channelInactive
[2021-07-12 18:47:28,667] [nioEventLoopGroup-2-1] [INFO ] [cn.ttplatform.wh.demo.ClientDuplexChannelHandler.channelRead(ClientDuplexChannelHandler.java:44)]: time = 59073033131200, count = 10000, msg = SetResultCommand{id='338b39e1-1306-4f69-af10-71441d5d95979999', result=true}
[2021-07-12 18:47:28,824] [nioEventLoopGroup-2-1] [INFO ] [cn.ttplatform.wh.demo.ClientDuplexChannelHandler.channelRead(ClientDuplexChannelHandler.java:44)]: time = 59073191520200, count = 20000, msg = SetResultCommand{id='338b39e1-1306-4f69-af10-71441d5d959719999', result=true}
[2021-07-12 18:47:28,935] [nioEventLoopGroup-2-1] [INFO ] [cn.ttplatform.wh.demo.ClientDuplexChannelHandler.channelRead(ClientDuplexChannelHandler.java:44)]: time = 59073302666300, count = 30000, msg = SetResultCommand{id='338b39e1-1306-4f69-af10-71441d5d959729999', result=true}
[2021-07-12 18:47:29,041] [nioEventLoopGroup-2-1] [INFO ] [cn.ttplatform.wh.demo.ClientDuplexChannelHandler.channelRead(ClientDuplexChannelHandler.java:44)]: time = 59073407801100, count = 40000, msg = SetResultCommand{id='338b39e1-1306-4f69-af10-71441d5d959739999', result=true}
[2021-07-12 18:47:29,141] [nioEventLoopGroup-2-1] [INFO ] [cn.ttplatform.wh.demo.ClientDuplexChannelHandler.channelRead(ClientDuplexChannelHandler.java:44)]: time = 59073507737700, count = 50000, msg = SetResultCommand{id='338b39e1-1306-4f69-af10-71441d5d959749999', result=true}
[2021-07-12 18:47:29,244] [nioEventLoopGroup-2-1] [INFO ] [cn.ttplatform.wh.demo.ClientDuplexChannelHandler.channelRead(ClientDuplexChannelHandler.java:44)]: time = 59073611296500, count = 60000, msg = SetResultCommand{id='338b39e1-1306-4f69-af10-71441d5d959759999', result=true}
[2021-07-12 18:47:29,349] [nioEventLoopGroup-2-1] [INFO ] [cn.ttplatform.wh.demo.ClientDuplexChannelHandler.channelRead(ClientDuplexChannelHandler.java:44)]: time = 59073714611900, count = 70000, msg = SetResultCommand{id='338b39e1-1306-4f69-af10-71441d5d959769999', result=true}
[2021-07-12 18:47:29,450] [nioEventLoopGroup-2-1] [INFO ] [cn.ttplatform.wh.demo.ClientDuplexChannelHandler.channelRead(ClientDuplexChannelHandler.java:44)]: time = 59073817496200, count = 80000, msg = SetResultCommand{id='338b39e1-1306-4f69-af10-71441d5d959779999', result=true}
[2021-07-12 18:47:29,553] [nioEventLoopGroup-2-1] [INFO ] [cn.ttplatform.wh.demo.ClientDuplexChannelHandler.channelRead(ClientDuplexChannelHandler.java:44)]: time = 59073919716100, count = 90000, msg = SetResultCommand{id='338b39e1-1306-4f69-af10-71441d5d959789999', result=true}
[2021-07-12 18:47:29,657] [nioEventLoopGroup-2-1] [INFO ] [cn.ttplatform.wh.demo.ClientDuplexChannelHandler.channelRead(ClientDuplexChannelHandler.java:44)]: time = 59074023748200, count = 100000, msg = SetResultCommand{id='338b39e1-1306-4f69-af10-71441d5d959799999', result=true}
[2021-07-12 18:47:29,657] [main] [INFO ] [cn.ttplatform.wh.demo.Client$Watcher.waitResult(Client.java:69)]: receive 100000 times resp cost 1778256200 ns.
[2021-07-12 18:47:29,858] [nioEventLoopGroup-2-1] [INFO ] [cn.ttplatform.wh.demo.ClientDuplexChannelHandler.channelRead(ClientDuplexChannelHandler.java:44)]: time = 59074225260700, count = 110000, msg = GetResultCommand{id='9999', value='7b9f12b6-b131-4a4d-99b3-41ce9adc6ba2fd0af86b-e9d9-47b1-8e44-8b8e864bfde013b5151b-7e85-4e2c-921e-049bbf84ec72ce3cda2c-16e5-47eb-a9999'}
[2021-07-12 18:47:30,007] [nioEventLoopGroup-2-1] [INFO ] [cn.ttplatform.wh.demo.ClientDuplexChannelHandler.channelRead(ClientDuplexChannelHandler.java:44)]: time = 59074374325800, count = 120000, msg = GetResultCommand{id='19999', value='7b9f12b6-b131-4a4d-99b3-41ce9adc6ba2fd0af86b-e9d9-47b1-8e44-8b8e864bfde013b5151b-7e85-4e2c-921e-049bbf84ec72ce3cda2c-16e5-47eb-a19999'}
[2021-07-12 18:47:30,023] [nioEventLoopGroup-2-1] [INFO ] [cn.ttplatform.wh.demo.ClientDuplexChannelHandler.channelRead(ClientDuplexChannelHandler.java:44)]: time = 59074390801100, count = 130000, msg = GetResultCommand{id='29999', value='7b9f12b6-b131-4a4d-99b3-41ce9adc6ba2fd0af86b-e9d9-47b1-8e44-8b8e864bfde013b5151b-7e85-4e2c-921e-049bbf84ec72ce3cda2c-16e5-47eb-a29999'}
[2021-07-12 18:47:30,038] [nioEventLoopGroup-2-1] [INFO ] [cn.ttplatform.wh.demo.ClientDuplexChannelHandler.channelRead(ClientDuplexChannelHandler.java:44)]: time = 59074405717700, count = 140000, msg = GetResultCommand{id='39999', value='7b9f12b6-b131-4a4d-99b3-41ce9adc6ba2fd0af86b-e9d9-47b1-8e44-8b8e864bfde013b5151b-7e85-4e2c-921e-049bbf84ec72ce3cda2c-16e5-47eb-a39999'}
[2021-07-12 18:47:30,049] [nioEventLoopGroup-2-1] [INFO ] [cn.ttplatform.wh.demo.ClientDuplexChannelHandler.channelRead(ClientDuplexChannelHandler.java:44)]: time = 59074416178600, count = 150000, msg = GetResultCommand{id='49999', value='7b9f12b6-b131-4a4d-99b3-41ce9adc6ba2fd0af86b-e9d9-47b1-8e44-8b8e864bfde013b5151b-7e85-4e2c-921e-049bbf84ec72ce3cda2c-16e5-47eb-a49999'}
[2021-07-12 18:47:30,060] [nioEventLoopGroup-2-1] [INFO ] [cn.ttplatform.wh.demo.ClientDuplexChannelHandler.channelRead(ClientDuplexChannelHandler.java:44)]: time = 59074427738500, count = 160000, msg = GetResultCommand{id='59999', value='7b9f12b6-b131-4a4d-99b3-41ce9adc6ba2fd0af86b-e9d9-47b1-8e44-8b8e864bfde013b5151b-7e85-4e2c-921e-049bbf84ec72ce3cda2c-16e5-47eb-a59999'}
[2021-07-12 18:47:30,125] [nioEventLoopGroup-2-1] [INFO ] [cn.ttplatform.wh.demo.ClientDuplexChannelHandler.channelRead(ClientDuplexChannelHandler.java:44)]: time = 59074492985900, count = 170000, msg = GetResultCommand{id='69999', value='7b9f12b6-b131-4a4d-99b3-41ce9adc6ba2fd0af86b-e9d9-47b1-8e44-8b8e864bfde013b5151b-7e85-4e2c-921e-049bbf84ec72ce3cda2c-16e5-47eb-a69999'}
[2021-07-12 18:47:30,227] [nioEventLoopGroup-2-1] [INFO ] [cn.ttplatform.wh.demo.ClientDuplexChannelHandler.channelRead(ClientDuplexChannelHandler.java:44)]: time = 59074593694900, count = 180000, msg = GetResultCommand{id='79999', value='7b9f12b6-b131-4a4d-99b3-41ce9adc6ba2fd0af86b-e9d9-47b1-8e44-8b8e864bfde013b5151b-7e85-4e2c-921e-049bbf84ec72ce3cda2c-16e5-47eb-a79999'}
[2021-07-12 18:47:30,330] [nioEventLoopGroup-2-1] [INFO ] [cn.ttplatform.wh.demo.ClientDuplexChannelHandler.channelRead(ClientDuplexChannelHandler.java:44)]: time = 59074697167500, count = 190000, msg = GetResultCommand{id='89999', value='7b9f12b6-b131-4a4d-99b3-41ce9adc6ba2fd0af86b-e9d9-47b1-8e44-8b8e864bfde013b5151b-7e85-4e2c-921e-049bbf84ec72ce3cda2c-16e5-47eb-a89999'}
[2021-07-12 18:47:30,433] [nioEventLoopGroup-2-1] [INFO ] [cn.ttplatform.wh.demo.ClientDuplexChannelHandler.channelRead(ClientDuplexChannelHandler.java:44)]: time = 59074799524600, count = 200000, msg = GetResultCommand{id='99999', value='7b9f12b6-b131-4a4d-99b3-41ce9adc6ba2fd0af86b-e9d9-47b1-8e44-8b8e864bfde013b5151b-7e85-4e2c-921e-049bbf84ec72ce3cda2c-16e5-47eb-a99999'}
[2021-07-12 18:47:30,433] [main] [INFO ] [cn.ttplatform.wh.demo.Client$Watcher.waitResult(Client.java:69)]: receive 100000 times resp cost 775432500 ns.
[2021-07-12 18:47:30,434] [nioEventLoopGroup-2-1] [INFO ] [cn.ttplatform.wh.demo.ClientDuplexChannelHandler.channelInactive(ClientDuplexChannelHandler.java:37)]: channelInactive
[2021-07-12 18:49:47,578] [nioEventLoopGroup-2-1] [INFO ] [cn.ttplatform.wh.demo.ClientDuplexChannelHandler.channelRead(ClientDuplexChannelHandler.java:44)]: time = 59211944116500, count = 10000, msg = SetResultCommand{id='ea20aa95-d207-448c-b8ae-ac540a30cf4f9999', result=true}
[2021-07-12 18:49:47,632] [nioEventLoopGroup-2-1] [INFO ] [cn.ttplatform.wh.demo.ClientDuplexChannelHandler.channelRead(ClientDuplexChannelHandler.java:44)]: time = 59211999731800, count = 20000, msg = SetResultCommand{id='ea20aa95-d207-448c-b8ae-ac540a30cf4f19999', result=true}
[2021-07-12 18:49:47,675] [nioEventLoopGroup-2-1] [INFO ] [cn.ttplatform.wh.demo.ClientDuplexChannelHandler.channelRead(ClientDuplexChannelHandler.java:44)]: time = 59212042910800, count = 30000, msg = SetResultCommand{id='ea20aa95-d207-448c-b8ae-ac540a30cf4f29999', result=true}
[2021-07-12 18:49:47,724] [nioEventLoopGroup-2-1] [INFO ] [cn.ttplatform.wh.demo.ClientDuplexChannelHandler.channelRead(ClientDuplexChannelHandler.java:44)]: time = 59212091116500, count = 40000, msg = SetResultCommand{id='ea20aa95-d207-448c-b8ae-ac540a30cf4f39999', result=true}
[2021-07-12 18:49:47,813] [nioEventLoopGroup-2-1] [INFO ] [cn.ttplatform.wh.demo.ClientDuplexChannelHandler.channelRead(ClientDuplexChannelHandler.java:44)]: time = 59212180496000, count = 50000, msg = SetResultCommand{id='ea20aa95-d207-448c-b8ae-ac540a30cf4f49999', result=true}
[2021-07-12 18:49:47,923] [nioEventLoopGroup-2-1] [INFO ] [cn.ttplatform.wh.demo.ClientDuplexChannelHandler.channelRead(ClientDuplexChannelHandler.java:44)]: time = 59212289834000, count = 60000, msg = SetResultCommand{id='ea20aa95-d207-448c-b8ae-ac540a30cf4f59999', result=true}
[2021-07-12 18:49:48,028] [nioEventLoopGroup-2-1] [INFO ] [cn.ttplatform.wh.demo.ClientDuplexChannelHandler.channelRead(ClientDuplexChannelHandler.java:44)]: time = 59212393783400, count = 70000, msg = SetResultCommand{id='ea20aa95-d207-448c-b8ae-ac540a30cf4f69999', result=true}
[2021-07-12 18:49:48,130] [nioEventLoopGroup-2-1] [INFO ] [cn.ttplatform.wh.demo.ClientDuplexChannelHandler.channelRead(ClientDuplexChannelHandler.java:44)]: time = 59212496467400, count = 80000, msg = SetResultCommand{id='ea20aa95-d207-448c-b8ae-ac540a30cf4f79999', result=true}
[2021-07-12 18:49:48,233] [nioEventLoopGroup-2-1] [INFO ] [cn.ttplatform.wh.demo.ClientDuplexChannelHandler.channelRead(ClientDuplexChannelHandler.java:44)]: time = 59212599797400, count = 90000, msg = SetResultCommand{id='ea20aa95-d207-448c-b8ae-ac540a30cf4f89999', result=true}
[2021-07-12 18:49:48,336] [nioEventLoopGroup-2-1] [INFO ] [cn.ttplatform.wh.demo.ClientDuplexChannelHandler.channelRead(ClientDuplexChannelHandler.java:44)]: time = 59212702751300, count = 100000, msg = SetResultCommand{id='ea20aa95-d207-448c-b8ae-ac540a30cf4f99999', result=true}
[2021-07-12 18:49:48,336] [main] [INFO ] [cn.ttplatform.wh.demo.Client$Watcher.waitResult(Client.java:69)]: receive 100000 times resp cost 1199110500 ns.
[2021-07-12 18:49:48,530] [nioEventLoopGroup-2-1] [INFO ] [cn.ttplatform.wh.demo.ClientDuplexChannelHandler.channelRead(ClientDuplexChannelHandler.java:44)]: time = 59212897388200, count = 110000, msg = GetResultCommand{id='38c3705f-8e21-4e28-924e-38228e2939e49999', value='8ca5ccc0-ebcf-464b-8c79-e231697965bc3170b924-7f60-43d5-93a3-ac78be8bbbdfcff947cb-7f18-497e-9a15-0d3c87b15dae065ebd10-3790-4136-89999'}
[2021-07-12 18:49:48,567] [nioEventLoopGroup-2-1] [INFO ] [cn.ttplatform.wh.demo.ClientDuplexChannelHandler.channelRead(ClientDuplexChannelHandler.java:44)]: time = 59212933977000, count = 120000, msg = GetResultCommand{id='38c3705f-8e21-4e28-924e-38228e2939e419999', value='8ca5ccc0-ebcf-464b-8c79-e231697965bc3170b924-7f60-43d5-93a3-ac78be8bbbdfcff947cb-7f18-497e-9a15-0d3c87b15dae065ebd10-3790-4136-819999'}
[2021-07-12 18:49:48,699] [nioEventLoopGroup-2-1] [INFO ] [cn.ttplatform.wh.demo.ClientDuplexChannelHandler.channelRead(ClientDuplexChannelHandler.java:44)]: time = 59213066211600, count = 130000, msg = GetResultCommand{id='38c3705f-8e21-4e28-924e-38228e2939e429999', value='8ca5ccc0-ebcf-464b-8c79-e231697965bc3170b924-7f60-43d5-93a3-ac78be8bbbdfcff947cb-7f18-497e-9a15-0d3c87b15dae065ebd10-3790-4136-829999'}
[2021-07-12 18:49:48,801] [nioEventLoopGroup-2-1] [INFO ] [cn.ttplatform.wh.demo.ClientDuplexChannelHandler.channelRead(ClientDuplexChannelHandler.java:44)]: time = 59213168218500, count = 140000, msg = GetResultCommand{id='38c3705f-8e21-4e28-924e-38228e2939e439999', value='8ca5ccc0-ebcf-464b-8c79-e231697965bc3170b924-7f60-43d5-93a3-ac78be8bbbdfcff947cb-7f18-497e-9a15-0d3c87b15dae065ebd10-3790-4136-839999'}
[2021-07-12 18:49:48,903] [nioEventLoopGroup-2-1] [INFO ] [cn.ttplatform.wh.demo.ClientDuplexChannelHandler.channelRead(ClientDuplexChannelHandler.java:44)]: time = 59213270519100, count = 150000, msg = GetResultCommand{id='38c3705f-8e21-4e28-924e-38228e2939e449999', value='8ca5ccc0-ebcf-464b-8c79-e231697965bc3170b924-7f60-43d5-93a3-ac78be8bbbdfcff947cb-7f18-497e-9a15-0d3c87b15dae065ebd10-3790-4136-849999'}
[2021-07-12 18:49:49,006] [nioEventLoopGroup-2-1] [INFO ] [cn.ttplatform.wh.demo.ClientDuplexChannelHandler.channelRead(ClientDuplexChannelHandler.java:44)]: time = 59213372471000, count = 160000, msg = GetResultCommand{id='38c3705f-8e21-4e28-924e-38228e2939e459999', value='8ca5ccc0-ebcf-464b-8c79-e231697965bc3170b924-7f60-43d5-93a3-ac78be8bbbdfcff947cb-7f18-497e-9a15-0d3c87b15dae065ebd10-3790-4136-859999'}
[2021-07-12 18:49:49,108] [nioEventLoopGroup-2-1] [INFO ] [cn.ttplatform.wh.demo.ClientDuplexChannelHandler.channelRead(ClientDuplexChannelHandler.java:44)]: time = 59213474679600, count = 170000, msg = GetResultCommand{id='38c3705f-8e21-4e28-924e-38228e2939e469999', value='8ca5ccc0-ebcf-464b-8c79-e231697965bc3170b924-7f60-43d5-93a3-ac78be8bbbdfcff947cb-7f18-497e-9a15-0d3c87b15dae065ebd10-3790-4136-869999'}
[2021-07-12 18:49:49,210] [nioEventLoopGroup-2-1] [INFO ] [cn.ttplatform.wh.demo.ClientDuplexChannelHandler.channelRead(ClientDuplexChannelHandler.java:44)]: time = 59213576637500, count = 180000, msg = GetResultCommand{id='38c3705f-8e21-4e28-924e-38228e2939e479999', value='8ca5ccc0-ebcf-464b-8c79-e231697965bc3170b924-7f60-43d5-93a3-ac78be8bbbdfcff947cb-7f18-497e-9a15-0d3c87b15dae065ebd10-3790-4136-879999'}
[2021-07-12 18:49:49,312] [nioEventLoopGroup-2-1] [INFO ] [cn.ttplatform.wh.demo.ClientDuplexChannelHandler.channelRead(ClientDuplexChannelHandler.java:44)]: time = 59213679215000, count = 190000, msg = GetResultCommand{id='38c3705f-8e21-4e28-924e-38228e2939e489999', value='8ca5ccc0-ebcf-464b-8c79-e231697965bc3170b924-7f60-43d5-93a3-ac78be8bbbdfcff947cb-7f18-497e-9a15-0d3c87b15dae065ebd10-3790-4136-889999'}
[2021-07-12 18:49:49,414] [nioEventLoopGroup-2-1] [INFO ] [cn.ttplatform.wh.demo.ClientDuplexChannelHandler.channelRead(ClientDuplexChannelHandler.java:44)]: time = 59213781482400, count = 200000, msg = GetResultCommand{id='38c3705f-8e21-4e28-924e-38228e2939e499999', value='8ca5ccc0-ebcf-464b-8c79-e231697965bc3170b924-7f60-43d5-93a3-ac78be8bbbdfcff947cb-7f18-497e-9a15-0d3c87b15dae065ebd10-3790-4136-899999'}
[2021-07-12 18:49:49,415] [main] [INFO ] [cn.ttplatform.wh.demo.Client$Watcher.waitResult(Client.java:69)]: receive 100000 times resp cost 1078296200 ns.
[2021-07-12 18:49:49,416] [nioEventLoopGroup-2-1] [INFO ] [cn.ttplatform.wh.demo.ClientDuplexChannelHandler.channelInactive(ClientDuplexChannelHandler.java:37)]: channelInactive
[2021-07-12 18:50:11,292] [nioEventLoopGroup-2-1] [INFO ] [cn.ttplatform.wh.demo.ClientDuplexChannelHandler.channelRead(ClientDuplexChannelHandler.java:44)]: time = 59235656970800, count = 10000, msg = SetResultCommand{id='a3b55b8c-33af-466c-af41-1e2373da5d209999', result=true}
[2021-07-12 18:50:11,346] [nioEventLoopGroup-2-1] [INFO ] [cn.ttplatform.wh.demo.ClientDuplexChannelHandler.channelRead(ClientDuplexChannelHandler.java:44)]: time = 59235713321700, count = 20000, msg = SetResultCommand{id='a3b55b8c-33af-466c-af41-1e2373da5d2019999', result=true}
[2021-07-12 18:50:11,371] [nioEventLoopGroup-2-1] [INFO ] [cn.ttplatform.wh.demo.ClientDuplexChannelHandler.channelRead(ClientDuplexChannelHandler.java:44)]: time = 59235737835500, count = 30000, msg = SetResultCommand{id='a3b55b8c-33af-466c-af41-1e2373da5d2029999', result=true}
[2021-07-12 18:50:11,434] [nioEventLoopGroup-2-1] [INFO ] [cn.ttplatform.wh.demo.ClientDuplexChannelHandler.channelRead(ClientDuplexChannelHandler.java:44)]: time = 59235800773300, count = 40000, msg = SetResultCommand{id='a3b55b8c-33af-466c-af41-1e2373da5d2039999', result=true}
[2021-07-12 18:50:11,547] [nioEventLoopGroup-2-1] [INFO ] [cn.ttplatform.wh.demo.ClientDuplexChannelHandler.channelRead(ClientDuplexChannelHandler.java:44)]: time = 59235914027600, count = 50000, msg = SetResultCommand{id='a3b55b8c-33af-466c-af41-1e2373da5d2049999', result=true}
[2021-07-12 18:50:11,646] [nioEventLoopGroup-2-1] [INFO ] [cn.ttplatform.wh.demo.ClientDuplexChannelHandler.channelRead(ClientDuplexChannelHandler.java:44)]: time = 59236012955400, count = 60000, msg = SetResultCommand{id='a3b55b8c-33af-466c-af41-1e2373da5d2059999', result=true}
[2021-07-12 18:50:11,749] [nioEventLoopGroup-2-1] [INFO ] [cn.ttplatform.wh.demo.ClientDuplexChannelHandler.channelRead(ClientDuplexChannelHandler.java:44)]: time = 59236115324500, count = 70000, msg = SetResultCommand{id='a3b55b8c-33af-466c-af41-1e2373da5d2069999', result=true}
[2021-07-12 18:50:11,850] [nioEventLoopGroup-2-1] [INFO ] [cn.ttplatform.wh.demo.ClientDuplexChannelHandler.channelRead(ClientDuplexChannelHandler.java:44)]: time = 59236217899200, count = 80000, msg = SetResultCommand{id='a3b55b8c-33af-466c-af41-1e2373da5d2079999', result=true}
[2021-07-12 18:50:11,952] [nioEventLoopGroup-2-1] [INFO ] [cn.ttplatform.wh.demo.ClientDuplexChannelHandler.channelRead(ClientDuplexChannelHandler.java:44)]: time = 59236319920600, count = 90000, msg = SetResultCommand{id='a3b55b8c-33af-466c-af41-1e2373da5d2089999', result=true}
[2021-07-12 18:50:12,056] [nioEventLoopGroup-2-1] [INFO ] [cn.ttplatform.wh.demo.ClientDuplexChannelHandler.channelRead(ClientDuplexChannelHandler.java:44)]: time = 59236422796300, count = 100000, msg = SetResultCommand{id='a3b55b8c-33af-466c-af41-1e2373da5d2099999', result=true}
[2021-07-12 18:50:12,061] [main] [INFO ] [cn.ttplatform.wh.demo.Client$Watcher.waitResult(Client.java:69)]: receive 100000 times resp cost 1193044400 ns.
[2021-07-12 18:50:12,237] [nioEventLoopGroup-2-1] [INFO ] [cn.ttplatform.wh.demo.ClientDuplexChannelHandler.channelRead(ClientDuplexChannelHandler.java:44)]: time = 59236603918800, count = 110000, msg = GetResultCommand{id='e0d56d4a-a5f2-428a-bdd0-878dc626c7a19999', value='f6bbd3bd-bef8-43f1-99f2-315270f7d58fa945593f-2473-48c1-be1e-4324dc18d0f6fa5dc44a-4d75-486e-a6fe-2409878d855d6f0beb4a-b780-4c59-99999'}
[2021-07-12 18:50:12,275] [nioEventLoopGroup-2-1] [INFO ] [cn.ttplatform.wh.demo.ClientDuplexChannelHandler.channelRead(ClientDuplexChannelHandler.java:44)]: time = 59236641621700, count = 120000, msg = GetResultCommand{id='e0d56d4a-a5f2-428a-bdd0-878dc626c7a119999', value='f6bbd3bd-bef8-43f1-99f2-315270f7d58fa945593f-2473-48c1-be1e-4324dc18d0f6fa5dc44a-4d75-486e-a6fe-2409878d855d6f0beb4a-b780-4c59-919999'}
[2021-07-12 18:50:12,322] [nioEventLoopGroup-2-1] [INFO ] [cn.ttplatform.wh.demo.ClientDuplexChannelHandler.channelRead(ClientDuplexChannelHandler.java:44)]: time = 59236689400200, count = 130000, msg = GetResultCommand{id='e0d56d4a-a5f2-428a-bdd0-878dc626c7a129999', value='f6bbd3bd-bef8-43f1-99f2-315270f7d58fa945593f-2473-48c1-be1e-4324dc18d0f6fa5dc44a-4d75-486e-a6fe-2409878d855d6f0beb4a-b780-4c59-929999'}
[2021-07-12 18:50:12,423] [nioEventLoopGroup-2-1] [INFO ] [cn.ttplatform.wh.demo.ClientDuplexChannelHandler.channelRead(ClientDuplexChannelHandler.java:44)]: time = 59236790096200, count = 140000, msg = GetResultCommand{id='e0d56d4a-a5f2-428a-bdd0-878dc626c7a139999', value='f6bbd3bd-bef8-43f1-99f2-315270f7d58fa945593f-2473-48c1-be1e-4324dc18d0f6fa5dc44a-4d75-486e-a6fe-2409878d855d6f0beb4a-b780-4c59-939999'}
[2021-07-12 18:50:12,525] [nioEventLoopGroup-2-1] [INFO ] [cn.ttplatform.wh.demo.ClientDuplexChannelHandler.channelRead(ClientDuplexChannelHandler.java:44)]: time = 59236892553300, count = 150000, msg = GetResultCommand{id='e0d56d4a-a5f2-428a-bdd0-878dc626c7a149999', value='f6bbd3bd-bef8-43f1-99f2-315270f7d58fa945593f-2473-48c1-be1e-4324dc18d0f6fa5dc44a-4d75-486e-a6fe-2409878d855d6f0beb4a-b780-4c59-949999'}
[2021-07-12 18:50:12,627] [nioEventLoopGroup-2-1] [INFO ] [cn.ttplatform.wh.demo.ClientDuplexChannelHandler.channelRead(ClientDuplexChannelHandler.java:44)]: time = 59236994598000, count = 160000, msg = GetResultCommand{id='e0d56d4a-a5f2-428a-bdd0-878dc626c7a159999', value='f6bbd3bd-bef8-43f1-99f2-315270f7d58fa945593f-2473-48c1-be1e-4324dc18d0f6fa5dc44a-4d75-486e-a6fe-2409878d855d6f0beb4a-b780-4c59-959999'}
[2021-07-12 18:50:12,729] [nioEventLoopGroup-2-1] [INFO ] [cn.ttplatform.wh.demo.ClientDuplexChannelHandler.channelRead(ClientDuplexChannelHandler.java:44)]: time = 59237096564700, count = 170000, msg = GetResultCommand{id='e0d56d4a-a5f2-428a-bdd0-878dc626c7a169999', value='f6bbd3bd-bef8-43f1-99f2-315270f7d58fa945593f-2473-48c1-be1e-4324dc18d0f6fa5dc44a-4d75-486e-a6fe-2409878d855d6f0beb4a-b780-4c59-969999'}
[2021-07-12 18:50:12,831] [nioEventLoopGroup-2-1] [INFO ] [cn.ttplatform.wh.demo.ClientDuplexChannelHandler.channelRead(ClientDuplexChannelHandler.java:44)]: time = 59237198864800, count = 180000, msg = GetResultCommand{id='e0d56d4a-a5f2-428a-bdd0-878dc626c7a179999', value='f6bbd3bd-bef8-43f1-99f2-315270f7d58fa945593f-2473-48c1-be1e-4324dc18d0f6fa5dc44a-4d75-486e-a6fe-2409878d855d6f0beb4a-b780-4c59-979999'}
[2021-07-12 18:50:12,933] [nioEventLoopGroup-2-1] [INFO ] [cn.ttplatform.wh.demo.ClientDuplexChannelHandler.channelRead(ClientDuplexChannelHandler.java:44)]: time = 59237300488600, count = 190000, msg = GetResultCommand{id='e0d56d4a-a5f2-428a-bdd0-878dc626c7a189999', value='f6bbd3bd-bef8-43f1-99f2-315270f7d58fa945593f-2473-48c1-be1e-4324dc18d0f6fa5dc44a-4d75-486e-a6fe-2409878d855d6f0beb4a-b780-4c59-989999'}
[2021-07-12 18:50:13,035] [nioEventLoopGroup-2-1] [INFO ] [cn.ttplatform.wh.demo.ClientDuplexChannelHandler.channelRead(ClientDuplexChannelHandler.java:44)]: time = 59237402282000, count = 200000, msg = GetResultCommand{id='e0d56d4a-a5f2-428a-bdd0-878dc626c7a199999', value='f6bbd3bd-bef8-43f1-99f2-315270f7d58fa945593f-2473-48c1-be1e-4324dc18d0f6fa5dc44a-4d75-486e-a6fe-2409878d855d6f0beb4a-b780-4c59-999999'}
[2021-07-12 18:50:13,035] [main] [INFO ] [cn.ttplatform.wh.demo.Client$Watcher.waitResult(Client.java:69)]: receive 100000 times resp cost 974590200 ns.
[2021-07-12 18:50:13,036] [nioEventLoopGroup-2-1] [INFO ] [cn.ttplatform.wh.demo.ClientDuplexChannelHandler.channelInactive(ClientDuplexChannelHandler.java:37)]: channelInactive
[2021-07-12 18:51:07,712] [main] [INFO ] [cn.ttplatform.wh.demo.Client.main(Client.java:125)]: test 100000 times SetCommand.
[2021-07-12 18:51:08,441] [nioEventLoopGroup-2-1] [INFO ] [cn.ttplatform.wh.demo.ClientDuplexChannelHandler.channelRead(ClientDuplexChannelHandler.java:44)]: time = 59292807637800, count = 10000, msg = SetResultCommand{id='d1f4cea9-2bdf-46da-9ce6-2cb9b6e0c86c9999', result=true}
[2021-07-12 18:51:08,599] [nioEventLoopGroup-2-1] [INFO ] [cn.ttplatform.wh.demo.ClientDuplexChannelHandler.channelRead(ClientDuplexChannelHandler.java:44)]: time = 59292965882000, count = 20000, msg = SetResultCommand{id='d1f4cea9-2bdf-46da-9ce6-2cb9b6e0c86c19999', result=true}
[2021-07-12 18:51:08,728] [nioEventLoopGroup-2-1] [INFO ] [cn.ttplatform.wh.demo.ClientDuplexChannelHandler.channelRead(ClientDuplexChannelHandler.java:44)]: time = 59293095126400, count = 30000, msg = SetResultCommand{id='d1f4cea9-2bdf-46da-9ce6-2cb9b6e0c86c29999', result=true}
[2021-07-12 18:51:08,833] [nioEventLoopGroup-2-1] [INFO ] [cn.ttplatform.wh.demo.ClientDuplexChannelHandler.channelRead(ClientDuplexChannelHandler.java:44)]: time = 59293200384000, count = 40000, msg = SetResultCommand{id='d1f4cea9-2bdf-46da-9ce6-2cb9b6e0c86c39999', result=true}
[2021-07-12 18:51:08,936] [nioEventLoopGroup-2-1] [INFO ] [cn.ttplatform.wh.demo.ClientDuplexChannelHandler.channelRead(ClientDuplexChannelHandler.java:44)]: time = 59293303448500, count = 50000, msg = SetResultCommand{id='d1f4cea9-2bdf-46da-9ce6-2cb9b6e0c86c49999', result=true}
[2021-07-12 18:51:09,040] [nioEventLoopGroup-2-1] [INFO ] [cn.ttplatform.wh.demo.ClientDuplexChannelHandler.channelRead(ClientDuplexChannelHandler.java:44)]: time = 59293406189500, count = 60000, msg = SetResultCommand{id='d1f4cea9-2bdf-46da-9ce6-2cb9b6e0c86c59999', result=true}
[2021-07-12 18:51:09,141] [nioEventLoopGroup-2-1] [INFO ] [cn.ttplatform.wh.demo.ClientDuplexChannelHandler.channelRead(ClientDuplexChannelHandler.java:44)]: time = 59293508364600, count = 70000, msg = SetResultCommand{id='d1f4cea9-2bdf-46da-9ce6-2cb9b6e0c86c69999', result=true}
[2021-07-12 18:51:09,234] [nioEventLoopGroup-2-1] [INFO ] [cn.ttplatform.wh.demo.ClientDuplexChannelHandler.channelRead(ClientDuplexChannelHandler.java:44)]: time = 59293601862400, count = 80000, msg = SetResultCommand{id='d1f4cea9-2bdf-46da-9ce6-2cb9b6e0c86c79999', result=true}
[2021-07-12 18:51:09,336] [nioEventLoopGroup-2-1] [INFO ] [cn.ttplatform.wh.demo.ClientDuplexChannelHandler.channelRead(ClientDuplexChannelHandler.java:44)]: time = 59293703832600, count = 90000, msg = SetResultCommand{id='d1f4cea9-2bdf-46da-9ce6-2cb9b6e0c86c89999', result=true}
[2021-07-12 18:51:09,438] [nioEventLoopGroup-2-1] [INFO ] [cn.ttplatform.wh.demo.ClientDuplexChannelHandler.channelRead(ClientDuplexChannelHandler.java:44)]: time = 59293805712300, count = 100000, msg = SetResultCommand{id='d1f4cea9-2bdf-46da-9ce6-2cb9b6e0c86c99999', result=true}
[2021-07-12 18:51:09,438] [main] [INFO ] [cn.ttplatform.wh.demo.Client$Watcher.waitResult(Client.java:69)]: receive 100000 times resp cost 1727720500 ns.
[2021-07-12 18:51:09,439] [main] [INFO ] [cn.ttplatform.wh.demo.Client.main(Client.java:132)]: test 100000 times GetCommand.
[2021-07-12 18:51:09,647] [nioEventLoopGroup-2-1] [INFO ] [cn.ttplatform.wh.demo.ClientDuplexChannelHandler.channelRead(ClientDuplexChannelHandler.java:44)]: time = 59294013358000, count = 110000, msg = GetResultCommand{id='8c75a12a-cc3d-4d5d-91fd-971d2303ab719999', value='6b84e1dd-0bd9-47fe-858c-dd364b683dc4aca81c85-2a05-4e00-ad2a-aa454c7af5c9154bfdbb-a016-4655-8a4b-df7ace0c377fb27f725b-55c7-4478-a9999'}
[2021-07-12 18:51:09,775] [nioEventLoopGroup-2-1] [INFO ] [cn.ttplatform.wh.demo.ClientDuplexChannelHandler.channelRead(ClientDuplexChannelHandler.java:44)]: time = 59294141593100, count = 120000, msg = GetResultCommand{id='8c75a12a-cc3d-4d5d-91fd-971d2303ab7119999', value='6b84e1dd-0bd9-47fe-858c-dd364b683dc4aca81c85-2a05-4e00-ad2a-aa454c7af5c9154bfdbb-a016-4655-8a4b-df7ace0c377fb27f725b-55c7-4478-a19999'}
[2021-07-12 18:51:09,879] [nioEventLoopGroup-2-1] [INFO ] [cn.ttplatform.wh.demo.ClientDuplexChannelHandler.channelRead(ClientDuplexChannelHandler.java:44)]: time = 59294245605400, count = 130000, msg = GetResultCommand{id='8c75a12a-cc3d-4d5d-91fd-971d2303ab7129999', value='6b84e1dd-0bd9-47fe-858c-dd364b683dc4aca81c85-2a05-4e00-ad2a-aa454c7af5c9154bfdbb-a016-4655-8a4b-df7ace0c377fb27f725b-55c7-4478-a29999'}
[2021-07-12 18:51:09,981] [nioEventLoopGroup-2-1] [INFO ] [cn.ttplatform.wh.demo.ClientDuplexChannelHandler.channelRead(ClientDuplexChannelHandler.java:44)]: time = 59294347996600, count = 140000, msg = GetResultCommand{id='8c75a12a-cc3d-4d5d-91fd-971d2303ab7139999', value='6b84e1dd-0bd9-47fe-858c-dd364b683dc4aca81c85-2a05-4e00-ad2a-aa454c7af5c9154bfdbb-a016-4655-8a4b-df7ace0c377fb27f725b-55c7-4478-a39999'}
[2021-07-12 18:51:10,084] [nioEventLoopGroup-2-1] [INFO ] [cn.ttplatform.wh.demo.ClientDuplexChannelHandler.channelRead(ClientDuplexChannelHandler.java:44)]: time = 59294451586100, count = 150000, msg = GetResultCommand{id='8c75a12a-cc3d-4d5d-91fd-971d2303ab7149999', value='6b84e1dd-0bd9-47fe-858c-dd364b683dc4aca81c85-2a05-4e00-ad2a-aa454c7af5c9154bfdbb-a016-4655-8a4b-df7ace0c377fb27f725b-55c7-4478-a49999'}
[2021-07-12 18:51:10,187] [nioEventLoopGroup-2-1] [INFO ] [cn.ttplatform.wh.demo.ClientDuplexChannelHandler.channelRead(ClientDuplexChannelHandler.java:44)]: time = 59294554464500, count = 160000, msg = GetResultCommand{id='8c75a12a-cc3d-4d5d-91fd-971d2303ab7159999', value='6b84e1dd-0bd9-47fe-858c-dd364b683dc4aca81c85-2a05-4e00-ad2a-aa454c7af5c9154bfdbb-a016-4655-8a4b-df7ace0c377fb27f725b-55c7-4478-a59999'}
[2021-07-12 18:51:10,285] [nioEventLoopGroup-2-1] [INFO ] [cn.ttplatform.wh.demo.ClientDuplexChannelHandler.channelRead(ClientDuplexChannelHandler.java:44)]: time = 59294652840600, count = 170000, msg = GetResultCommand{id='8c75a12a-cc3d-4d5d-91fd-971d2303ab7169999', value='6b84e1dd-0bd9-47fe-858c-dd364b683dc4aca81c85-2a05-4e00-ad2a-aa454c7af5c9154bfdbb-a016-4655-8a4b-df7ace0c377fb27f725b-55c7-4478-a69999'}
[2021-07-12 18:51:10,387] [nioEventLoopGroup-2-1] [INFO ] [cn.ttplatform.wh.demo.ClientDuplexChannelHandler.channelRead(ClientDuplexChannelHandler.java:44)]: time = 59294754482400, count = 180000, msg = GetResultCommand{id='8c75a12a-cc3d-4d5d-91fd-971d2303ab7179999', value='6b84e1dd-0bd9-47fe-858c-dd364b683dc4aca81c85-2a05-4e00-ad2a-aa454c7af5c9154bfdbb-a016-4655-8a4b-df7ace0c377fb27f725b-55c7-4478-a79999'}
[2021-07-12 18:51:10,489] [nioEventLoopGroup-2-1] [INFO ] [cn.ttplatform.wh.demo.ClientDuplexChannelHandler.channelRead(ClientDuplexChannelHandler.java:44)]: time = 59294856731000, count = 190000, msg = GetResultCommand{id='8c75a12a-cc3d-4d5d-91fd-971d2303ab7189999', value='6b84e1dd-0bd9-47fe-858c-dd364b683dc4aca81c85-2a05-4e00-ad2a-aa454c7af5c9154bfdbb-a016-4655-8a4b-df7ace0c377fb27f725b-55c7-4478-a89999'}
[2021-07-12 18:51:10,592] [nioEventLoopGroup-2-1] [INFO ] [cn.ttplatform.wh.demo.ClientDuplexChannelHandler.channelRead(ClientDuplexChannelHandler.java:44)]: time = 59294958569400, count = 200000, msg = GetResultCommand{id='8c75a12a-cc3d-4d5d-91fd-971d2303ab7199999', value='6b84e1dd-0bd9-47fe-858c-dd364b683dc4aca81c85-2a05-4e00-ad2a-aa454c7af5c9154bfdbb-a016-4655-8a4b-df7ace0c377fb27f725b-55c7-4478-a99999'}
[2021-07-12 18:51:10,592] [main] [INFO ] [cn.ttplatform.wh.demo.Client$Watcher.waitResult(Client.java:69)]: receive 100000 times resp cost 1152615500 ns.
[2021-07-12 18:51:10,593] [nioEventLoopGroup-2-1] [INFO ] [cn.ttplatform.wh.demo.ClientDuplexChannelHandler.channelInactive(ClientDuplexChannelHandler.java:37)]: channelInactive
[2021-07-12 18:52:01,427] [main] [INFO ] [cn.ttplatform.wh.demo.Client.main(Client.java:125)]: test 100000 times SetCommand.
[2021-07-12 18:52:01,929] [nioEventLoopGroup-2-1] [INFO ] [cn.ttplatform.wh.demo.ClientDuplexChannelHandler.channelRead(ClientDuplexChannelHandler.java:44)]: time = 59346296336800, count = 10000, msg = SetResultCommand{id='c42e8a84-82f2-4c0e-b380-9d906dd5510f9999', result=true}
[2021-07-12 18:52:01,980] [nioEventLoopGroup-2-1] [INFO ] [cn.ttplatform.wh.demo.ClientDuplexChannelHandler.channelRead(ClientDuplexChannelHandler.java:44)]: time = 59346347167700, count = 20000, msg = SetResultCommand{id='c42e8a84-82f2-4c0e-b380-9d906dd5510f19999', result=true}
[2021-07-12 18:52:02,040] [nioEventLoopGroup-2-1] [INFO ] [cn.ttplatform.wh.demo.ClientDuplexChannelHandler.channelRead(ClientDuplexChannelHandler.java:44)]: time = 59346406976600, count = 30000, msg = SetResultCommand{id='c42e8a84-82f2-4c0e-b380-9d906dd5510f29999', result=true}
[2021-07-12 18:52:02,112] [nioEventLoopGroup-2-1] [INFO ] [cn.ttplatform.wh.demo.ClientDuplexChannelHandler.channelRead(ClientDuplexChannelHandler.java:44)]: time = 59346479062800, count = 40000, msg = SetResultCommand{id='c42e8a84-82f2-4c0e-b380-9d906dd5510f39999', result=true}
[2021-07-12 18:52:02,211] [nioEventLoopGroup-2-1] [INFO ] [cn.ttplatform.wh.demo.ClientDuplexChannelHandler.channelRead(ClientDuplexChannelHandler.java:44)]: time = 59346578460800, count = 50000, msg = SetResultCommand{id='c42e8a84-82f2-4c0e-b380-9d906dd5510f49999', result=true}
[2021-07-12 18:52:02,310] [nioEventLoopGroup-2-1] [INFO ] [cn.ttplatform.wh.demo.ClientDuplexChannelHandler.channelRead(ClientDuplexChannelHandler.java:44)]: time = 59346677124200, count = 60000, msg = SetResultCommand{id='c42e8a84-82f2-4c0e-b380-9d906dd5510f59999', result=true}
[2021-07-12 18:52:02,413] [nioEventLoopGroup-2-1] [INFO ] [cn.ttplatform.wh.demo.ClientDuplexChannelHandler.channelRead(ClientDuplexChannelHandler.java:44)]: time = 59346780889300, count = 70000, msg = SetResultCommand{id='c42e8a84-82f2-4c0e-b380-9d906dd5510f69999', result=true}
[2021-07-12 18:52:02,516] [nioEventLoopGroup-2-1] [INFO ] [cn.ttplatform.wh.demo.ClientDuplexChannelHandler.channelRead(ClientDuplexChannelHandler.java:44)]: time = 59346883812800, count = 80000, msg = SetResultCommand{id='c42e8a84-82f2-4c0e-b380-9d906dd5510f79999', result=true}
[2021-07-12 18:52:02,619] [nioEventLoopGroup-2-1] [INFO ] [cn.ttplatform.wh.demo.ClientDuplexChannelHandler.channelRead(ClientDuplexChannelHandler.java:44)]: time = 59346986167000, count = 90000, msg = SetResultCommand{id='c42e8a84-82f2-4c0e-b380-9d906dd5510f89999', result=true}
[2021-07-12 18:52:02,723] [nioEventLoopGroup-2-1] [INFO ] [cn.ttplatform.wh.demo.ClientDuplexChannelHandler.channelRead(ClientDuplexChannelHandler.java:44)]: time = 59347089350300, count = 100000, msg = SetResultCommand{id='c42e8a84-82f2-4c0e-b380-9d906dd5510f99999', result=true}
[2021-07-12 18:52:02,723] [main] [INFO ] [cn.ttplatform.wh.demo.Client$Watcher.waitResult(Client.java:69)]: receive 100000 times resp cost 1297021200 ns.
[2021-07-12 18:52:02,723] [main] [INFO ] [cn.ttplatform.wh.demo.Client.main(Client.java:132)]: test 100000 times GetCommand.
[2021-07-12 18:52:02,902] [nioEventLoopGroup-2-1] [INFO ] [cn.ttplatform.wh.demo.ClientDuplexChannelHandler.channelRead(ClientDuplexChannelHandler.java:44)]: time = 59347269608400, count = 110000, msg = GetResultCommand{id='8e5027b2-b3a4-46ce-898d-878689a76eb59999', value='f3bdafa1-bcc5-4a1d-a4c4-6ac55ef74a258593da29-b5da-4c53-92aa-da22c93f10c0499c553a-9539-47fd-964d-f9d9ccae307509bb8437-8505-4510-89999'}
[2021-07-12 18:52:02,943] [nioEventLoopGroup-2-1] [INFO ] [cn.ttplatform.wh.demo.ClientDuplexChannelHandler.channelRead(ClientDuplexChannelHandler.java:44)]: time = 59347310105500, count = 120000, msg = GetResultCommand{id='8e5027b2-b3a4-46ce-898d-878689a76eb519999', value='f3bdafa1-bcc5-4a1d-a4c4-6ac55ef74a258593da29-b5da-4c53-92aa-da22c93f10c0499c553a-9539-47fd-964d-f9d9ccae307509bb8437-8505-4510-819999'}
[2021-07-12 18:52:03,081] [nioEventLoopGroup-2-1] [INFO ] [cn.ttplatform.wh.demo.ClientDuplexChannelHandler.channelRead(ClientDuplexChannelHandler.java:44)]: time = 59347447624000, count = 130000, msg = GetResultCommand{id='8e5027b2-b3a4-46ce-898d-878689a76eb529999', value='f3bdafa1-bcc5-4a1d-a4c4-6ac55ef74a258593da29-b5da-4c53-92aa-da22c93f10c0499c553a-9539-47fd-964d-f9d9ccae307509bb8437-8505-4510-829999'}
[2021-07-12 18:52:03,183] [nioEventLoopGroup-2-1] [INFO ] [cn.ttplatform.wh.demo.ClientDuplexChannelHandler.channelRead(ClientDuplexChannelHandler.java:44)]: time = 59347549771900, count = 140000, msg = GetResultCommand{id='8e5027b2-b3a4-46ce-898d-878689a76eb539999', value='f3bdafa1-bcc5-4a1d-a4c4-6ac55ef74a258593da29-b5da-4c53-92aa-da22c93f10c0499c553a-9539-47fd-964d-f9d9ccae307509bb8437-8505-4510-839999'}
[2021-07-12 18:52:03,283] [nioEventLoopGroup-2-1] [INFO ] [cn.ttplatform.wh.demo.ClientDuplexChannelHandler.channelRead(ClientDuplexChannelHandler.java:44)]: time = 59347649917200, count = 150000, msg = GetResultCommand{id='8e5027b2-b3a4-46ce-898d-878689a76eb549999', value='f3bdafa1-bcc5-4a1d-a4c4-6ac55ef74a258593da29-b5da-4c53-92aa-da22c93f10c0499c553a-9539-47fd-964d-f9d9ccae307509bb8437-8505-4510-849999'}
[2021-07-12 18:52:03,385] [nioEventLoopGroup-2-1] [INFO ] [cn.ttplatform.wh.demo.ClientDuplexChannelHandler.channelRead(ClientDuplexChannelHandler.java:44)]: time = 59347751766100, count = 160000, msg = GetResultCommand{id='8e5027b2-b3a4-46ce-898d-878689a76eb559999', value='f3bdafa1-bcc5-4a1d-a4c4-6ac55ef74a258593da29-b5da-4c53-92aa-da22c93f10c0499c553a-9539-47fd-964d-f9d9ccae307509bb8437-8505-4510-859999'}
[2021-07-12 18:52:03,487] [nioEventLoopGroup-2-1] [INFO ] [cn.ttplatform.wh.demo.ClientDuplexChannelHandler.channelRead(ClientDuplexChannelHandler.java:44)]: time = 59347853730900, count = 170000, msg = GetResultCommand{id='8e5027b2-b3a4-46ce-898d-878689a76eb569999', value='f3bdafa1-bcc5-4a1d-a4c4-6ac55ef74a258593da29-b5da-4c53-92aa-da22c93f10c0499c553a-9539-47fd-964d-f9d9ccae307509bb8437-8505-4510-869999'}
[2021-07-12 18:52:03,588] [nioEventLoopGroup-2-1] [INFO ] [cn.ttplatform.wh.demo.ClientDuplexChannelHandler.channelRead(ClientDuplexChannelHandler.java:44)]: time = 59347955557000, count = 180000, msg = GetResultCommand{id='8e5027b2-b3a4-46ce-898d-878689a76eb579999', value='f3bdafa1-bcc5-4a1d-a4c4-6ac55ef74a258593da29-b5da-4c53-92aa-da22c93f10c0499c553a-9539-47fd-964d-f9d9ccae307509bb8437-8505-4510-879999'}
[2021-07-12 18:52:03,690] [nioEventLoopGroup-2-1] [INFO ] [cn.ttplatform.wh.demo.ClientDuplexChannelHandler.channelRead(ClientDuplexChannelHandler.java:44)]: time = 59348057481700, count = 190000, msg = GetResultCommand{id='8e5027b2-b3a4-46ce-898d-878689a76eb589999', value='f3bdafa1-bcc5-4a1d-a4c4-6ac55ef74a258593da29-b5da-4c53-92aa-da22c93f10c0499c553a-9539-47fd-964d-f9d9ccae307509bb8437-8505-4510-889999'}
[2021-07-12 18:52:03,793] [nioEventLoopGroup-2-1] [INFO ] [cn.ttplatform.wh.demo.ClientDuplexChannelHandler.channelRead(ClientDuplexChannelHandler.java:44)]: time = 59348159854600, count = 200000, msg = GetResultCommand{id='8e5027b2-b3a4-46ce-898d-878689a76eb599999', value='f3bdafa1-bcc5-4a1d-a4c4-6ac55ef74a258593da29-b5da-4c53-92aa-da22c93f10c0499c553a-9539-47fd-964d-f9d9ccae307509bb8437-8505-4510-899999'}
[2021-07-12 18:52:03,793] [main] [INFO ] [cn.ttplatform.wh.demo.Client$Watcher.waitResult(Client.java:69)]: receive 100000 times resp cost 1070239600 ns.
[2021-07-12 18:52:03,794] [nioEventLoopGroup-2-1] [INFO ] [cn.ttplatform.wh.demo.ClientDuplexChannelHandler.channelInactive(ClientDuplexChannelHandler.java:37)]: channelInactive
[2021-07-12 18:53:23,549] [main] [INFO ] [cn.ttplatform.wh.demo.Client.main(Client.java:125)]: test 100000 times SetCommand.
[2021-07-12 18:53:24,291] [nioEventLoopGroup-2-1] [INFO ] [cn.ttplatform.wh.demo.ClientDuplexChannelHandler.channelRead(ClientDuplexChannelHandler.java:44)]: time = 59428657941800, count = 10000, msg = SetResultCommand{id='1d3efd2a-867d-497f-8329-d23b8ea09e989999', result=true}
[2021-07-12 18:53:24,461] [nioEventLoopGroup-2-1] [INFO ] [cn.ttplatform.wh.demo.ClientDuplexChannelHandler.channelRead(ClientDuplexChannelHandler.java:44)]: time = 59428828306600, count = 20000, msg = SetResultCommand{id='1d3efd2a-867d-497f-8329-d23b8ea09e9819999', result=true}
[2021-07-12 18:53:24,583] [nioEventLoopGroup-2-1] [INFO ] [cn.ttplatform.wh.demo.ClientDuplexChannelHandler.channelRead(ClientDuplexChannelHandler.java:44)]: time = 59428950241700, count = 30000, msg = SetResultCommand{id='1d3efd2a-867d-497f-8329-d23b8ea09e9829999', result=true}
[2021-07-12 18:53:24,692] [nioEventLoopGroup-2-1] [INFO ] [cn.ttplatform.wh.demo.ClientDuplexChannelHandler.channelRead(ClientDuplexChannelHandler.java:44)]: time = 59429059399800, count = 40000, msg = SetResultCommand{id='1d3efd2a-867d-497f-8329-d23b8ea09e9839999', result=true}
[2021-07-12 18:53:24,798] [nioEventLoopGroup-2-1] [INFO ] [cn.ttplatform.wh.demo.ClientDuplexChannelHandler.channelRead(ClientDuplexChannelHandler.java:44)]: time = 59429164514900, count = 50000, msg = SetResultCommand{id='1d3efd2a-867d-497f-8329-d23b8ea09e9849999', result=true}
[2021-07-12 18:53:24,903] [nioEventLoopGroup-2-1] [INFO ] [cn.ttplatform.wh.demo.ClientDuplexChannelHandler.channelRead(ClientDuplexChannelHandler.java:44)]: time = 59429269128900, count = 60000, msg = SetResultCommand{id='1d3efd2a-867d-497f-8329-d23b8ea09e9859999', result=true}
[2021-07-12 18:53:25,007] [nioEventLoopGroup-2-1] [INFO ] [cn.ttplatform.wh.demo.ClientDuplexChannelHandler.channelRead(ClientDuplexChannelHandler.java:44)]: time = 59429374255100, count = 70000, msg = SetResultCommand{id='1d3efd2a-867d-497f-8329-d23b8ea09e9869999', result=true}
[2021-07-12 18:53:25,113] [nioEventLoopGroup-2-1] [INFO ] [cn.ttplatform.wh.demo.ClientDuplexChannelHandler.channelRead(ClientDuplexChannelHandler.java:44)]: time = 59429479539900, count = 80000, msg = SetResultCommand{id='1d3efd2a-867d-497f-8329-d23b8ea09e9879999', result=true}
[2021-07-12 18:53:25,217] [nioEventLoopGroup-2-1] [INFO ] [cn.ttplatform.wh.demo.ClientDuplexChannelHandler.channelRead(ClientDuplexChannelHandler.java:44)]: time = 59429583933000, count = 90000, msg = SetResultCommand{id='1d3efd2a-867d-497f-8329-d23b8ea09e9889999', result=true}
[2021-07-12 18:53:25,323] [nioEventLoopGroup-2-1] [INFO ] [cn.ttplatform.wh.demo.ClientDuplexChannelHandler.channelRead(ClientDuplexChannelHandler.java:44)]: time = 59429690236100, count = 100000, msg = SetResultCommand{id='1d3efd2a-867d-497f-8329-d23b8ea09e9899999', result=true}
[2021-07-12 18:53:25,324] [main] [INFO ] [cn.ttplatform.wh.demo.Client$Watcher.waitResult(Client.java:69)]: receive 100000 times resp cost 1775565200 ns.
[2021-07-12 18:53:25,324] [main] [INFO ] [cn.ttplatform.wh.demo.Client.main(Client.java:132)]: test 100000 times GetCommand.
[2021-07-12 18:53:25,559] [nioEventLoopGroup-2-1] [INFO ] [cn.ttplatform.wh.demo.ClientDuplexChannelHandler.channelRead(ClientDuplexChannelHandler.java:44)]: time = 59429925821500, count = 110000, msg = GetResultCommand{id='14f62415-4184-4a39-a28e-d45d068207a09999', value='59210ed4-6643-45e1-9c7b-d2fa4486013086bca233-49ce-4393-9f42-3e59476c0db21c28ddf2-ef79-4136-9ef9-767e6a8cde87f6c62ad8-e2c9-4e63-99999'}
[2021-07-12 18:53:25,609] [nioEventLoopGroup-2-1] [INFO ] [cn.ttplatform.wh.demo.ClientDuplexChannelHandler.channelRead(ClientDuplexChannelHandler.java:44)]: time = 59429976707100, count = 120000, msg = GetResultCommand{id='14f62415-4184-4a39-a28e-d45d068207a019999', value='59210ed4-6643-45e1-9c7b-d2fa4486013086bca233-49ce-4393-9f42-3e59476c0db21c28ddf2-ef79-4136-9ef9-767e6a8cde87f6c62ad8-e2c9-4e63-919999'}
[2021-07-12 18:53:25,698] [nioEventLoopGroup-2-1] [INFO ] [cn.ttplatform.wh.demo.ClientDuplexChannelHandler.channelRead(ClientDuplexChannelHandler.java:44)]: time = 59430065645300, count = 130000, msg = GetResultCommand{id='14f62415-4184-4a39-a28e-d45d068207a029999', value='59210ed4-6643-45e1-9c7b-d2fa4486013086bca233-49ce-4393-9f42-3e59476c0db21c28ddf2-ef79-4136-9ef9-767e6a8cde87f6c62ad8-e2c9-4e63-929999'}
[2021-07-12 18:53:25,799] [nioEventLoopGroup-2-1] [INFO ] [cn.ttplatform.wh.demo.ClientDuplexChannelHandler.channelRead(ClientDuplexChannelHandler.java:44)]: time = 59430166482900, count = 140000, msg = GetResultCommand{id='14f62415-4184-4a39-a28e-d45d068207a039999', value='59210ed4-6643-45e1-9c7b-d2fa4486013086bca233-49ce-4393-9f42-3e59476c0db21c28ddf2-ef79-4136-9ef9-767e6a8cde87f6c62ad8-e2c9-4e63-939999'}
[2021-07-12 18:53:25,902] [nioEventLoopGroup-2-1] [INFO ] [cn.ttplatform.wh.demo.ClientDuplexChannelHandler.channelRead(ClientDuplexChannelHandler.java:44)]: time = 59430268332800, count = 150000, msg = GetResultCommand{id='14f62415-4184-4a39-a28e-d45d068207a049999', value='59210ed4-6643-45e1-9c7b-d2fa4486013086bca233-49ce-4393-9f42-3e59476c0db21c28ddf2-ef79-4136-9ef9-767e6a8cde87f6c62ad8-e2c9-4e63-949999'}
[2021-07-12 18:53:26,006] [nioEventLoopGroup-2-1] [INFO ] [cn.ttplatform.wh.demo.ClientDuplexChannelHandler.channelRead(ClientDuplexChannelHandler.java:44)]: time = 59430372922500, count = 160000, msg = GetResultCommand{id='14f62415-4184-4a39-a28e-d45d068207a059999', value='59210ed4-6643-45e1-9c7b-d2fa4486013086bca233-49ce-4393-9f42-3e59476c0db21c28ddf2-ef79-4136-9ef9-767e6a8cde87f6c62ad8-e2c9-4e63-959999'}
[2021-07-12 18:53:26,096] [nioEventLoopGroup-2-1] [INFO ] [cn.ttplatform.wh.demo.ClientDuplexChannelHandler.channelRead(ClientDuplexChannelHandler.java:44)]: time = 59430462686000, count = 170000, msg = GetResultCommand{id='14f62415-4184-4a39-a28e-d45d068207a069999', value='59210ed4-6643-45e1-9c7b-d2fa4486013086bca233-49ce-4393-9f42-3e59476c0db21c28ddf2-ef79-4136-9ef9-767e6a8cde87f6c62ad8-e2c9-4e63-969999'}
[2021-07-12 18:53:26,199] [nioEventLoopGroup-2-1] [INFO ] [cn.ttplatform.wh.demo.ClientDuplexChannelHandler.channelRead(ClientDuplexChannelHandler.java:44)]: time = 59430566350200, count = 180000, msg = GetResultCommand{id='14f62415-4184-4a39-a28e-d45d068207a079999', value='59210ed4-6643-45e1-9c7b-d2fa4486013086bca233-49ce-4393-9f42-3e59476c0db21c28ddf2-ef79-4136-9ef9-767e6a8cde87f6c62ad8-e2c9-4e63-979999'}
[2021-07-12 18:53:26,302] [nioEventLoopGroup-2-1] [INFO ] [cn.ttplatform.wh.demo.ClientDuplexChannelHandler.channelRead(ClientDuplexChannelHandler.java:44)]: time = 59430669189300, count = 190000, msg = GetResultCommand{id='14f62415-4184-4a39-a28e-d45d068207a089999', value='59210ed4-6643-45e1-9c7b-d2fa4486013086bca233-49ce-4393-9f42-3e59476c0db21c28ddf2-ef79-4136-9ef9-767e6a8cde87f6c62ad8-e2c9-4e63-989999'}
[2021-07-12 18:53:26,402] [nioEventLoopGroup-2-1] [INFO ] [cn.ttplatform.wh.demo.ClientDuplexChannelHandler.channelRead(ClientDuplexChannelHandler.java:44)]: time = 59430768734200, count = 200000, msg = GetResultCommand{id='14f62415-4184-4a39-a28e-d45d068207a099999', value='59210ed4-6643-45e1-9c7b-d2fa4486013086bca233-49ce-4393-9f42-3e59476c0db21c28ddf2-ef79-4136-9ef9-767e6a8cde87f6c62ad8-e2c9-4e63-999999'}
[2021-07-12 18:53:26,402] [main] [INFO ] [cn.ttplatform.wh.demo.Client$Watcher.waitResult(Client.java:69)]: receive 100000 times resp cost 1078030400 ns.
[2021-07-12 18:53:26,403] [nioEventLoopGroup-2-1] [INFO ] [cn.ttplatform.wh.demo.ClientDuplexChannelHandler.channelInactive(ClientDuplexChannelHandler.java:37)]: channelInactive
[2021-07-12 18:53:39,677] [main] [INFO ] [cn.ttplatform.wh.demo.Client.main(Client.java:125)]: test 100000 times SetCommand.
[2021-07-12 18:53:40,152] [nioEventLoopGroup-2-1] [INFO ] [cn.ttplatform.wh.demo.ClientDuplexChannelHandler.channelRead(ClientDuplexChannelHandler.java:44)]: time = 59444519247100, count = 10000, msg = SetResultCommand{id='38d7677b-27dd-41d1-8a86-d146e50bc42c9999', result=true}
[2021-07-12 18:53:40,197] [nioEventLoopGroup-2-1] [INFO ] [cn.ttplatform.wh.demo.ClientDuplexChannelHandler.channelRead(ClientDuplexChannelHandler.java:44)]: time = 59444563555500, count = 20000, msg = SetResultCommand{id='38d7677b-27dd-41d1-8a86-d146e50bc42c19999', result=true}
[2021-07-12 18:53:40,240] [nioEventLoopGroup-2-1] [INFO ] [cn.ttplatform.wh.demo.ClientDuplexChannelHandler.channelRead(ClientDuplexChannelHandler.java:44)]: time = 59444606664000, count = 30000, msg = SetResultCommand{id='38d7677b-27dd-41d1-8a86-d146e50bc42c29999', result=true}
[2021-07-12 18:53:40,324] [nioEventLoopGroup-2-1] [INFO ] [cn.ttplatform.wh.demo.ClientDuplexChannelHandler.channelRead(ClientDuplexChannelHandler.java:44)]: time = 59444690753500, count = 40000, msg = SetResultCommand{id='38d7677b-27dd-41d1-8a86-d146e50bc42c39999', result=true}
[2021-07-12 18:53:40,427] [nioEventLoopGroup-2-1] [INFO ] [cn.ttplatform.wh.demo.ClientDuplexChannelHandler.channelRead(ClientDuplexChannelHandler.java:44)]: time = 59444794158500, count = 50000, msg = SetResultCommand{id='38d7677b-27dd-41d1-8a86-d146e50bc42c49999', result=true}
[2021-07-12 18:53:40,510] [nioEventLoopGroup-2-1] [INFO ] [cn.ttplatform.wh.demo.ClientDuplexChannelHandler.channelRead(ClientDuplexChannelHandler.java:44)]: time = 59444876189500, count = 60000, msg = SetResultCommand{id='38d7677b-27dd-41d1-8a86-d146e50bc42c59999', result=true}
[2021-07-12 18:53:40,612] [nioEventLoopGroup-2-1] [INFO ] [cn.ttplatform.wh.demo.ClientDuplexChannelHandler.channelRead(ClientDuplexChannelHandler.java:44)]: time = 59444978813400, count = 70000, msg = SetResultCommand{id='38d7677b-27dd-41d1-8a86-d146e50bc42c69999', result=true}
[2021-07-12 18:53:40,715] [nioEventLoopGroup-2-1] [INFO ] [cn.ttplatform.wh.demo.ClientDuplexChannelHandler.channelRead(ClientDuplexChannelHandler.java:44)]: time = 59445081961600, count = 80000, msg = SetResultCommand{id='38d7677b-27dd-41d1-8a86-d146e50bc42c79999', result=true}
[2021-07-12 18:53:40,816] [nioEventLoopGroup-2-1] [INFO ] [cn.ttplatform.wh.demo.ClientDuplexChannelHandler.channelRead(ClientDuplexChannelHandler.java:44)]: time = 59445183713700, count = 90000, msg = SetResultCommand{id='38d7677b-27dd-41d1-8a86-d146e50bc42c89999', result=true}
[2021-07-12 18:53:40,918] [nioEventLoopGroup-2-1] [INFO ] [cn.ttplatform.wh.demo.ClientDuplexChannelHandler.channelRead(ClientDuplexChannelHandler.java:44)]: time = 59445285604600, count = 100000, msg = SetResultCommand{id='38d7677b-27dd-41d1-8a86-d146e50bc42c99999', result=true}
[2021-07-12 18:53:40,919] [main] [INFO ] [cn.ttplatform.wh.demo.Client$Watcher.waitResult(Client.java:69)]: receive 100000 times resp cost 1242743100 ns.
[2021-07-12 18:53:40,919] [main] [INFO ] [cn.ttplatform.wh.demo.Client.main(Client.java:132)]: test 100000 times GetCommand.
[2021-07-12 18:53:41,077] [nioEventLoopGroup-2-1] [INFO ] [cn.ttplatform.wh.demo.ClientDuplexChannelHandler.channelRead(ClientDuplexChannelHandler.java:44)]: time = 59445443835800, count = 110000, msg = GetResultCommand{id='33f719df-fa9e-4145-a20d-9b7efb4ab12c9999', value='6eba3dc3-e906-4927-975f-8cc21c1b6a7da45eb3be-d8aa-4698-8227-a2769c4024cdbbffb306-fd02-4d58-8e59-550423029e3dc04d7f09-bd74-4c0b-99999'}
[2021-07-12 18:53:41,160] [nioEventLoopGroup-2-1] [INFO ] [cn.ttplatform.wh.demo.ClientDuplexChannelHandler.channelRead(ClientDuplexChannelHandler.java:44)]: time = 59445526432200, count = 120000, msg = GetResultCommand{id='33f719df-fa9e-4145-a20d-9b7efb4ab12c19999', value='6eba3dc3-e906-4927-975f-8cc21c1b6a7da45eb3be-d8aa-4698-8227-a2769c4024cdbbffb306-fd02-4d58-8e59-550423029e3dc04d7f09-bd74-4c0b-919999'}
[2021-07-12 18:53:41,168] [nioEventLoopGroup-2-1] [INFO ] [cn.ttplatform.wh.demo.ClientDuplexChannelHandler.channelRead(ClientDuplexChannelHandler.java:44)]: time = 59445534861300, count = 130000, msg = GetResultCommand{id='33f719df-fa9e-4145-a20d-9b7efb4ab12c29999', value='6eba3dc3-e906-4927-975f-8cc21c1b6a7da45eb3be-d8aa-4698-8227-a2769c4024cdbbffb306-fd02-4d58-8e59-550423029e3dc04d7f09-bd74-4c0b-929999'}
[2021-07-12 18:53:41,245] [nioEventLoopGroup-2-1] [INFO ] [cn.ttplatform.wh.demo.ClientDuplexChannelHandler.channelRead(ClientDuplexChannelHandler.java:44)]: time = 59445612110500, count = 140000, msg = GetResultCommand{id='33f719df-fa9e-4145-a20d-9b7efb4ab12c39999', value='6eba3dc3-e906-4927-975f-8cc21c1b6a7da45eb3be-d8aa-4698-8227-a2769c4024cdbbffb306-fd02-4d58-8e59-550423029e3dc04d7f09-bd74-4c0b-939999'}
[2021-07-12 18:53:41,348] [nioEventLoopGroup-2-1] [INFO ] [cn.ttplatform.wh.demo.ClientDuplexChannelHandler.channelRead(ClientDuplexChannelHandler.java:44)]: time = 59445715036100, count = 150000, msg = GetResultCommand{id='33f719df-fa9e-4145-a20d-9b7efb4ab12c49999', value='6eba3dc3-e906-4927-975f-8cc21c1b6a7da45eb3be-d8aa-4698-8227-a2769c4024cdbbffb306-fd02-4d58-8e59-550423029e3dc04d7f09-bd74-4c0b-949999'}
[2021-07-12 18:53:41,450] [nioEventLoopGroup-2-1] [INFO ] [cn.ttplatform.wh.demo.ClientDuplexChannelHandler.channelRead(ClientDuplexChannelHandler.java:44)]: time = 59445817163900, count = 160000, msg = GetResultCommand{id='33f719df-fa9e-4145-a20d-9b7efb4ab12c59999', value='6eba3dc3-e906-4927-975f-8cc21c1b6a7da45eb3be-d8aa-4698-8227-a2769c4024cdbbffb306-fd02-4d58-8e59-550423029e3dc04d7f09-bd74-4c0b-959999'}
[2021-07-12 18:53:41,528] [nioEventLoopGroup-2-1] [INFO ] [cn.ttplatform.wh.demo.ClientDuplexChannelHandler.channelRead(ClientDuplexChannelHandler.java:44)]: time = 59445894943100, count = 170000, msg = GetResultCommand{id='33f719df-fa9e-4145-a20d-9b7efb4ab12c69999', value='6eba3dc3-e906-4927-975f-8cc21c1b6a7da45eb3be-d8aa-4698-8227-a2769c4024cdbbffb306-fd02-4d58-8e59-550423029e3dc04d7f09-bd74-4c0b-969999'}
[2021-07-12 18:53:41,631] [nioEventLoopGroup-2-1] [INFO ] [cn.ttplatform.wh.demo.ClientDuplexChannelHandler.channelRead(ClientDuplexChannelHandler.java:44)]: time = 59445998636500, count = 180000, msg = GetResultCommand{id='33f719df-fa9e-4145-a20d-9b7efb4ab12c79999', value='6eba3dc3-e906-4927-975f-8cc21c1b6a7da45eb3be-d8aa-4698-8227-a2769c4024cdbbffb306-fd02-4d58-8e59-550423029e3dc04d7f09-bd74-4c0b-979999'}
[2021-07-12 18:53:41,735] [nioEventLoopGroup-2-1] [INFO ] [cn.ttplatform.wh.demo.ClientDuplexChannelHandler.channelRead(ClientDuplexChannelHandler.java:44)]: time = 59446102327200, count = 190000, msg = GetResultCommand{id='33f719df-fa9e-4145-a20d-9b7efb4ab12c89999', value='6eba3dc3-e906-4927-975f-8cc21c1b6a7da45eb3be-d8aa-4698-8227-a2769c4024cdbbffb306-fd02-4d58-8e59-550423029e3dc04d7f09-bd74-4c0b-989999'}
[2021-07-12 18:53:41,838] [nioEventLoopGroup-2-1] [INFO ] [cn.ttplatform.wh.demo.ClientDuplexChannelHandler.channelRead(ClientDuplexChannelHandler.java:44)]: time = 59446205762100, count = 200000, msg = GetResultCommand{id='33f719df-fa9e-4145-a20d-9b7efb4ab12c99999', value='6eba3dc3-e906-4927-975f-8cc21c1b6a7da45eb3be-d8aa-4698-8227-a2769c4024cdbbffb306-fd02-4d58-8e59-550423029e3dc04d7f09-bd74-4c0b-999999'}
[2021-07-12 18:53:41,839] [main] [INFO ] [cn.ttplatform.wh.demo.Client$Watcher.waitResult(Client.java:69)]: receive 100000 times resp cost 919787800 ns.
[2021-07-12 18:53:41,840] [nioEventLoopGroup-2-1] [INFO ] [cn.ttplatform.wh.demo.ClientDuplexChannelHandler.channelInactive(ClientDuplexChannelHandler.java:37)]: channelInactive
[2021-07-12 18:54:53,308] [main] [INFO ] [cn.ttplatform.wh.demo.Client.main(Client.java:125)]: test 100000 times SetCommand.
[2021-07-12 18:54:53,788] [nioEventLoopGroup-2-1] [INFO ] [cn.ttplatform.wh.demo.ClientDuplexChannelHandler.channelRead(ClientDuplexChannelHandler.java:44)]: time = 59518154873600, count = 10000, msg = SetResultCommand{id='ea7bbad7-4046-4d92-b560-448ebc3b873b9999', result=true}
[2021-07-12 18:54:53,847] [nioEventLoopGroup-2-1] [INFO ] [cn.ttplatform.wh.demo.ClientDuplexChannelHandler.channelRead(ClientDuplexChannelHandler.java:44)]: time = 59518213793200, count = 20000, msg = SetResultCommand{id='ea7bbad7-4046-4d92-b560-448ebc3b873b19999', result=true}
[2021-07-12 18:54:53,917] [nioEventLoopGroup-2-1] [INFO ] [cn.ttplatform.wh.demo.ClientDuplexChannelHandler.channelRead(ClientDuplexChannelHandler.java:44)]: time = 59518283914000, count = 30000, msg = SetResultCommand{id='ea7bbad7-4046-4d92-b560-448ebc3b873b29999', result=true}
[2021-07-12 18:54:54,032] [nioEventLoopGroup-2-1] [INFO ] [cn.ttplatform.wh.demo.ClientDuplexChannelHandler.channelRead(ClientDuplexChannelHandler.java:44)]: time = 59518399215700, count = 40000, msg = SetResultCommand{id='ea7bbad7-4046-4d92-b560-448ebc3b873b39999', result=true}
[2021-07-12 18:54:54,138] [nioEventLoopGroup-2-1] [INFO ] [cn.ttplatform.wh.demo.ClientDuplexChannelHandler.channelRead(ClientDuplexChannelHandler.java:44)]: time = 59518505052000, count = 50000, msg = SetResultCommand{id='ea7bbad7-4046-4d92-b560-448ebc3b873b49999', result=true}
[2021-07-12 18:54:54,242] [nioEventLoopGroup-2-1] [INFO ] [cn.ttplatform.wh.demo.ClientDuplexChannelHandler.channelRead(ClientDuplexChannelHandler.java:44)]: time = 59518608311200, count = 60000, msg = SetResultCommand{id='ea7bbad7-4046-4d92-b560-448ebc3b873b59999', result=true}
[2021-07-12 18:54:54,343] [nioEventLoopGroup-2-1] [INFO ] [cn.ttplatform.wh.demo.ClientDuplexChannelHandler.channelRead(ClientDuplexChannelHandler.java:44)]: time = 59518710323400, count = 70000, msg = SetResultCommand{id='ea7bbad7-4046-4d92-b560-448ebc3b873b69999', result=true}
[2021-07-12 18:54:54,445] [nioEventLoopGroup-2-1] [INFO ] [cn.ttplatform.wh.demo.ClientDuplexChannelHandler.channelRead(ClientDuplexChannelHandler.java:44)]: time = 59518812694100, count = 80000, msg = SetResultCommand{id='ea7bbad7-4046-4d92-b560-448ebc3b873b79999', result=true}
[2021-07-12 18:54:54,548] [nioEventLoopGroup-2-1] [INFO ] [cn.ttplatform.wh.demo.ClientDuplexChannelHandler.channelRead(ClientDuplexChannelHandler.java:44)]: time = 59518915050400, count = 90000, msg = SetResultCommand{id='ea7bbad7-4046-4d92-b560-448ebc3b873b89999', result=true}
[2021-07-12 18:54:54,651] [nioEventLoopGroup-2-1] [INFO ] [cn.ttplatform.wh.demo.ClientDuplexChannelHandler.channelRead(ClientDuplexChannelHandler.java:44)]: time = 59519018437700, count = 100000, msg = SetResultCommand{id='ea7bbad7-4046-4d92-b560-448ebc3b873b99999', result=true}
[2021-07-12 18:54:54,652] [main] [INFO ] [cn.ttplatform.wh.demo.Client$Watcher.waitResult(Client.java:69)]: receive 100000 times resp cost 1344929800 ns.
[2021-07-12 18:54:54,652] [main] [INFO ] [cn.ttplatform.wh.demo.Client.main(Client.java:132)]: test 100000 times GetCommand.
[2021-07-12 18:54:54,840] [nioEventLoopGroup-2-1] [INFO ] [cn.ttplatform.wh.demo.ClientDuplexChannelHandler.channelRead(ClientDuplexChannelHandler.java:44)]: time = 59519207017800, count = 110000, msg = GetResultCommand{id='72d26731-8dc5-42a8-99f2-037529286d4a9999', value='869f6d31-9366-4c9b-a1ad-2dc75e6e4b03dbc0dac7-3d24-4a4e-98cb-69a255995f459ad971c8-e061-4474-b8c2-c479c10a5a3200ae8651-e27e-48eb-a9999'}
[2021-07-12 18:54:54,912] [nioEventLoopGroup-2-1] [INFO ] [cn.ttplatform.wh.demo.ClientDuplexChannelHandler.channelRead(ClientDuplexChannelHandler.java:44)]: time = 59519279072200, count = 120000, msg = GetResultCommand{id='72d26731-8dc5-42a8-99f2-037529286d4a19999', value='869f6d31-9366-4c9b-a1ad-2dc75e6e4b03dbc0dac7-3d24-4a4e-98cb-69a255995f459ad971c8-e061-4474-b8c2-c479c10a5a3200ae8651-e27e-48eb-a19999'}
[2021-07-12 18:54:54,921] [nioEventLoopGroup-2-1] [INFO ] [cn.ttplatform.wh.demo.ClientDuplexChannelHandler.channelRead(ClientDuplexChannelHandler.java:44)]: time = 59519287625200, count = 130000, msg = GetResultCommand{id='72d26731-8dc5-42a8-99f2-037529286d4a29999', value='869f6d31-9366-4c9b-a1ad-2dc75e6e4b03dbc0dac7-3d24-4a4e-98cb-69a255995f459ad971c8-e061-4474-b8c2-c479c10a5a3200ae8651-e27e-48eb-a29999'}
[2021-07-12 18:54:55,035] [nioEventLoopGroup-2-1] [INFO ] [cn.ttplatform.wh.demo.ClientDuplexChannelHandler.channelRead(ClientDuplexChannelHandler.java:44)]: time = 59519402336400, count = 140000, msg = GetResultCommand{id='72d26731-8dc5-42a8-99f2-037529286d4a39999', value='869f6d31-9366-4c9b-a1ad-2dc75e6e4b03dbc0dac7-3d24-4a4e-98cb-69a255995f459ad971c8-e061-4474-b8c2-c479c10a5a3200ae8651-e27e-48eb-a39999'}
[2021-07-12 18:54:55,136] [nioEventLoopGroup-2-1] [INFO ] [cn.ttplatform.wh.demo.ClientDuplexChannelHandler.channelRead(ClientDuplexChannelHandler.java:44)]: time = 59519503558400, count = 150000, msg = GetResultCommand{id='72d26731-8dc5-42a8-99f2-037529286d4a49999', value='869f6d31-9366-4c9b-a1ad-2dc75e6e4b03dbc0dac7-3d24-4a4e-98cb-69a255995f459ad971c8-e061-4474-b8c2-c479c10a5a3200ae8651-e27e-48eb-a49999'}
[2021-07-12 18:54:55,239] [nioEventLoopGroup-2-1] [INFO ] [cn.ttplatform.wh.demo.ClientDuplexChannelHandler.channelRead(ClientDuplexChannelHandler.java:44)]: time = 59519605872300, count = 160000, msg = GetResultCommand{id='72d26731-8dc5-42a8-99f2-037529286d4a59999', value='869f6d31-9366-4c9b-a1ad-2dc75e6e4b03dbc0dac7-3d24-4a4e-98cb-69a255995f459ad971c8-e061-4474-b8c2-c479c10a5a3200ae8651-e27e-48eb-a59999'}
[2021-07-12 18:54:55,341] [nioEventLoopGroup-2-1] [INFO ] [cn.ttplatform.wh.demo.ClientDuplexChannelHandler.channelRead(ClientDuplexChannelHandler.java:44)]: time = 59519707726300, count = 170000, msg = GetResultCommand{id='72d26731-8dc5-42a8-99f2-037529286d4a69999', value='869f6d31-9366-4c9b-a1ad-2dc75e6e4b03dbc0dac7-3d24-4a4e-98cb-69a255995f459ad971c8-e061-4474-b8c2-c479c10a5a3200ae8651-e27e-48eb-a69999'}
[2021-07-12 18:54:55,442] [nioEventLoopGroup-2-1] [INFO ] [cn.ttplatform.wh.demo.ClientDuplexChannelHandler.channelRead(ClientDuplexChannelHandler.java:44)]: time = 59519809286200, count = 180000, msg = GetResultCommand{id='72d26731-8dc5-42a8-99f2-037529286d4a79999', value='869f6d31-9366-4c9b-a1ad-2dc75e6e4b03dbc0dac7-3d24-4a4e-98cb-69a255995f459ad971c8-e061-4474-b8c2-c479c10a5a3200ae8651-e27e-48eb-a79999'}
[2021-07-12 18:54:55,545] [nioEventLoopGroup-2-1] [INFO ] [cn.ttplatform.wh.demo.ClientDuplexChannelHandler.channelRead(ClientDuplexChannelHandler.java:44)]: time = 59519911528800, count = 190000, msg = GetResultCommand{id='72d26731-8dc5-42a8-99f2-037529286d4a89999', value='869f6d31-9366-4c9b-a1ad-2dc75e6e4b03dbc0dac7-3d24-4a4e-98cb-69a255995f459ad971c8-e061-4474-b8c2-c479c10a5a3200ae8651-e27e-48eb-a89999'}
[2021-07-12 18:54:55,647] [nioEventLoopGroup-2-1] [INFO ] [cn.ttplatform.wh.demo.ClientDuplexChannelHandler.channelRead(ClientDuplexChannelHandler.java:44)]: time = 59520013861500, count = 200000, msg = GetResultCommand{id='72d26731-8dc5-42a8-99f2-037529286d4a99999', value='869f6d31-9366-4c9b-a1ad-2dc75e6e4b03dbc0dac7-3d24-4a4e-98cb-69a255995f459ad971c8-e061-4474-b8c2-c479c10a5a3200ae8651-e27e-48eb-a99999'}
[2021-07-12 18:54:55,647] [main] [INFO ] [cn.ttplatform.wh.demo.Client$Watcher.waitResult(Client.java:69)]: receive 100000 times resp cost 995059500 ns.
[2021-07-12 18:54:55,648] [nioEventLoopGroup-2-1] [INFO ] [cn.ttplatform.wh.demo.ClientDuplexChannelHandler.channelInactive(ClientDuplexChannelHandler.java:37)]: channelInactive
[2021-07-12 18:58:10,300] [main] [INFO ] [cn.ttplatform.wh.demo.Client.main(Client.java:125)]: test 100000 times SetCommand.
[2021-07-12 18:58:11,028] [nioEventLoopGroup-2-1] [INFO ] [cn.ttplatform.wh.demo.ClientDuplexChannelHandler.channelRead(ClientDuplexChannelHandler.java:44)]: time = 59715394203300, count = 10000, msg = SetResultCommand{id='ece1205c-18f7-43d0-9ec2-47548715586b9999', result=true}
[2021-07-12 18:58:11,166] [nioEventLoopGroup-2-1] [INFO ] [cn.ttplatform.wh.demo.ClientDuplexChannelHandler.channelRead(ClientDuplexChannelHandler.java:44)]: time = 59715532348700, count = 20000, msg = SetResultCommand{id='ece1205c-18f7-43d0-9ec2-47548715586b19999', result=true}
[2021-07-12 18:58:11,307] [nioEventLoopGroup-2-1] [INFO ] [cn.ttplatform.wh.demo.ClientDuplexChannelHandler.channelRead(ClientDuplexChannelHandler.java:44)]: time = 59715673769800, count = 30000, msg = SetResultCommand{id='ece1205c-18f7-43d0-9ec2-47548715586b29999', result=true}
[2021-07-12 18:58:11,409] [nioEventLoopGroup-2-1] [INFO ] [cn.ttplatform.wh.demo.ClientDuplexChannelHandler.channelRead(ClientDuplexChannelHandler.java:44)]: time = 59715775864900, count = 40000, msg = SetResultCommand{id='ece1205c-18f7-43d0-9ec2-47548715586b39999', result=true}
[2021-07-12 18:58:11,512] [nioEventLoopGroup-2-1] [INFO ] [cn.ttplatform.wh.demo.ClientDuplexChannelHandler.channelRead(ClientDuplexChannelHandler.java:44)]: time = 59715878964500, count = 50000, msg = SetResultCommand{id='ece1205c-18f7-43d0-9ec2-47548715586b49999', result=true}
[2021-07-12 18:58:11,615] [nioEventLoopGroup-2-1] [INFO ] [cn.ttplatform.wh.demo.ClientDuplexChannelHandler.channelRead(ClientDuplexChannelHandler.java:44)]: time = 59715981088200, count = 60000, msg = SetResultCommand{id='ece1205c-18f7-43d0-9ec2-47548715586b59999', result=true}
[2021-07-12 18:58:11,716] [nioEventLoopGroup-2-1] [INFO ] [cn.ttplatform.wh.demo.ClientDuplexChannelHandler.channelRead(ClientDuplexChannelHandler.java:44)]: time = 59716083329400, count = 70000, msg = SetResultCommand{id='ece1205c-18f7-43d0-9ec2-47548715586b69999', result=true}
[2021-07-12 18:58:11,790] [nioEventLoopGroup-2-1] [INFO ] [cn.ttplatform.wh.demo.ClientDuplexChannelHandler.channelRead(ClientDuplexChannelHandler.java:44)]: time = 59716157143800, count = 80000, msg = SetResultCommand{id='ece1205c-18f7-43d0-9ec2-47548715586b79999', result=true}
[2021-07-12 18:58:11,809] [nioEventLoopGroup-2-1] [INFO ] [cn.ttplatform.wh.demo.ClientDuplexChannelHandler.channelRead(ClientDuplexChannelHandler.java:44)]: time = 59716176675200, count = 90000, msg = SetResultCommand{id='ece1205c-18f7-43d0-9ec2-47548715586b89999', result=true}
[2021-07-12 18:58:11,913] [nioEventLoopGroup-2-1] [INFO ] [cn.ttplatform.wh.demo.ClientDuplexChannelHandler.channelRead(ClientDuplexChannelHandler.java:44)]: time = 59716280214800, count = 100000, msg = SetResultCommand{id='ece1205c-18f7-43d0-9ec2-47548715586b99999', result=true}
[2021-07-12 18:58:11,913] [main] [INFO ] [cn.ttplatform.wh.demo.Client$Watcher.waitResult(Client.java:69)]: receive 100000 times resp cost 1614953500 ns.
[2021-07-12 18:58:11,913] [main] [INFO ] [cn.ttplatform.wh.demo.Client.main(Client.java:132)]: test 100000 times GetCommand.
[2021-07-12 18:58:12,144] [nioEventLoopGroup-2-1] [INFO ] [cn.ttplatform.wh.demo.ClientDuplexChannelHandler.channelRead(ClientDuplexChannelHandler.java:44)]: time = 59716510266900, count = 110000, msg = GetResultCommand{id='ccc597f8-906e-4c9a-8532-0419e913e5e09999', value='e91a3ffa-f2c2-47d1-bb04-84b621d8444c49bab9bf-3625-4767-afd4-bf5f63bf1eb3c2789977-b9a5-4ff8-9e9b-36a1021018e75fdc8ac7-1460-4555-a9999'}
[2021-07-12 18:58:12,215] [nioEventLoopGroup-2-1] [INFO ] [cn.ttplatform.wh.demo.ClientDuplexChannelHandler.channelRead(ClientDuplexChannelHandler.java:44)]: time = 59716581251700, count = 120000, msg = GetResultCommand{id='ccc597f8-906e-4c9a-8532-0419e913e5e019999', value='e91a3ffa-f2c2-47d1-bb04-84b621d8444c49bab9bf-3625-4767-afd4-bf5f63bf1eb3c2789977-b9a5-4ff8-9e9b-36a1021018e75fdc8ac7-1460-4555-a19999'}
[2021-07-12 18:58:12,341] [nioEventLoopGroup-2-1] [INFO ] [cn.ttplatform.wh.demo.ClientDuplexChannelHandler.channelRead(ClientDuplexChannelHandler.java:44)]: time = 59716708312500, count = 130000, msg = GetResultCommand{id='ccc597f8-906e-4c9a-8532-0419e913e5e029999', value='e91a3ffa-f2c2-47d1-bb04-84b621d8444c49bab9bf-3625-4767-afd4-bf5f63bf1eb3c2789977-b9a5-4ff8-9e9b-36a1021018e75fdc8ac7-1460-4555-a29999'}
[2021-07-12 18:58:12,430] [nioEventLoopGroup-2-1] [INFO ] [cn.ttplatform.wh.demo.ClientDuplexChannelHandler.channelRead(ClientDuplexChannelHandler.java:44)]: time = 59716797306000, count = 140000, msg = GetResultCommand{id='ccc597f8-906e-4c9a-8532-0419e913e5e039999', value='e91a3ffa-f2c2-47d1-bb04-84b621d8444c49bab9bf-3625-4767-afd4-bf5f63bf1eb3c2789977-b9a5-4ff8-9e9b-36a1021018e75fdc8ac7-1460-4555-a39999'}
[2021-07-12 18:58:12,526] [nioEventLoopGroup-2-1] [INFO ] [cn.ttplatform.wh.demo.ClientDuplexChannelHandler.channelRead(ClientDuplexChannelHandler.java:44)]: time = 59716893771600, count = 150000, msg = GetResultCommand{id='ccc597f8-906e-4c9a-8532-0419e913e5e049999', value='e91a3ffa-f2c2-47d1-bb04-84b621d8444c49bab9bf-3625-4767-afd4-bf5f63bf1eb3c2789977-b9a5-4ff8-9e9b-36a1021018e75fdc8ac7-1460-4555-a49999'}
[2021-07-12 18:58:12,621] [nioEventLoopGroup-2-1] [INFO ] [cn.ttplatform.wh.demo.ClientDuplexChannelHandler.channelRead(ClientDuplexChannelHandler.java:44)]: time = 59716988239100, count = 160000, msg = GetResultCommand{id='ccc597f8-906e-4c9a-8532-0419e913e5e059999', value='e91a3ffa-f2c2-47d1-bb04-84b621d8444c49bab9bf-3625-4767-afd4-bf5f63bf1eb3c2789977-b9a5-4ff8-9e9b-36a1021018e75fdc8ac7-1460-4555-a59999'}
[2021-07-12 18:58:12,709] [nioEventLoopGroup-2-1] [INFO ] [cn.ttplatform.wh.demo.ClientDuplexChannelHandler.channelRead(ClientDuplexChannelHandler.java:44)]: time = 59717075602000, count = 170000, msg = GetResultCommand{id='ccc597f8-906e-4c9a-8532-0419e913e5e069999', value='e91a3ffa-f2c2-47d1-bb04-84b621d8444c49bab9bf-3625-4767-afd4-bf5f63bf1eb3c2789977-b9a5-4ff8-9e9b-36a1021018e75fdc8ac7-1460-4555-a69999'}
[2021-07-12 18:58:12,797] [nioEventLoopGroup-2-1] [INFO ] [cn.ttplatform.wh.demo.ClientDuplexChannelHandler.channelRead(ClientDuplexChannelHandler.java:44)]: time = 59717163513200, count = 180000, msg = GetResultCommand{id='ccc597f8-906e-4c9a-8532-0419e913e5e079999', value='e91a3ffa-f2c2-47d1-bb04-84b621d8444c49bab9bf-3625-4767-afd4-bf5f63bf1eb3c2789977-b9a5-4ff8-9e9b-36a1021018e75fdc8ac7-1460-4555-a79999'}
[2021-07-12 18:58:12,849] [nioEventLoopGroup-2-1] [INFO ] [cn.ttplatform.wh.demo.ClientDuplexChannelHandler.channelRead(ClientDuplexChannelHandler.java:44)]: time = 59717215456500, count = 190000, msg = GetResultCommand{id='ccc597f8-906e-4c9a-8532-0419e913e5e089999', value='e91a3ffa-f2c2-47d1-bb04-84b621d8444c49bab9bf-3625-4767-afd4-bf5f63bf1eb3c2789977-b9a5-4ff8-9e9b-36a1021018e75fdc8ac7-1460-4555-a89999'}
[2021-07-12 18:58:12,951] [nioEventLoopGroup-2-1] [INFO ] [cn.ttplatform.wh.demo.ClientDuplexChannelHandler.channelRead(ClientDuplexChannelHandler.java:44)]: time = 59717317423300, count = 200000, msg = GetResultCommand{id='ccc597f8-906e-4c9a-8532-0419e913e5e099999', value='e91a3ffa-f2c2-47d1-bb04-84b621d8444c49bab9bf-3625-4767-afd4-bf5f63bf1eb3c2789977-b9a5-4ff8-9e9b-36a1021018e75fdc8ac7-1460-4555-a99999'}
[2021-07-12 18:58:12,951] [main] [INFO ] [cn.ttplatform.wh.demo.Client$Watcher.waitResult(Client.java:69)]: receive 100000 times resp cost 1036898300 ns.
[2021-07-12 18:58:12,952] [nioEventLoopGroup-2-1] [INFO ] [cn.ttplatform.wh.demo.ClientDuplexChannelHandler.channelInactive(ClientDuplexChannelHandler.java:37)]: channelInactive
[2021-07-12 19:00:42,801] [main] [INFO ] [cn.ttplatform.wh.demo.Client.main(Client.java:125)]: test 100000 times SetCommand.
[2021-07-12 19:00:43,306] [nioEventLoopGroup-2-1] [INFO ] [cn.ttplatform.wh.demo.ClientDuplexChannelHandler.channelRead(ClientDuplexChannelHandler.java:44)]: time = 59867673003300, count = 10000, msg = SetResultCommand{id='54f2d3fb-992c-4601-8c92-954372e7516f9999', result=true}
[2021-07-12 19:00:43,377] [nioEventLoopGroup-2-1] [INFO ] [cn.ttplatform.wh.demo.ClientDuplexChannelHandler.channelRead(ClientDuplexChannelHandler.java:44)]: time = 59867744942900, count = 20000, msg = SetResultCommand{id='54f2d3fb-992c-4601-8c92-954372e7516f19999', result=true}
[2021-07-12 19:00:43,426] [nioEventLoopGroup-2-1] [INFO ] [cn.ttplatform.wh.demo.ClientDuplexChannelHandler.channelRead(ClientDuplexChannelHandler.java:44)]: time = 59867793718100, count = 30000, msg = SetResultCommand{id='54f2d3fb-992c-4601-8c92-954372e7516f29999', result=true}
[2021-07-12 19:00:43,570] [nioEventLoopGroup-2-1] [INFO ] [cn.ttplatform.wh.demo.ClientDuplexChannelHandler.channelRead(ClientDuplexChannelHandler.java:44)]: time = 59867937215300, count = 40000, msg = SetResultCommand{id='54f2d3fb-992c-4601-8c92-954372e7516f39999', result=true}
[2021-07-12 19:00:43,671] [nioEventLoopGroup-2-1] [INFO ] [cn.ttplatform.wh.demo.ClientDuplexChannelHandler.channelRead(ClientDuplexChannelHandler.java:44)]: time = 59868038273600, count = 50000, msg = SetResultCommand{id='54f2d3fb-992c-4601-8c92-954372e7516f49999', result=true}
[2021-07-12 19:00:43,771] [nioEventLoopGroup-2-1] [INFO ] [cn.ttplatform.wh.demo.ClientDuplexChannelHandler.channelRead(ClientDuplexChannelHandler.java:44)]: time = 59868137248300, count = 60000, msg = SetResultCommand{id='54f2d3fb-992c-4601-8c92-954372e7516f59999', result=true}
[2021-07-12 19:00:43,869] [nioEventLoopGroup-2-1] [INFO ] [cn.ttplatform.wh.demo.ClientDuplexChannelHandler.channelRead(ClientDuplexChannelHandler.java:44)]: time = 59868236931300, count = 70000, msg = SetResultCommand{id='54f2d3fb-992c-4601-8c92-954372e7516f69999', result=true}
[2021-07-12 19:00:43,970] [nioEventLoopGroup-2-1] [INFO ] [cn.ttplatform.wh.demo.ClientDuplexChannelHandler.channelRead(ClientDuplexChannelHandler.java:44)]: time = 59868337079800, count = 80000, msg = SetResultCommand{id='54f2d3fb-992c-4601-8c92-954372e7516f79999', result=true}
[2021-07-12 19:00:44,071] [nioEventLoopGroup-2-1] [INFO ] [cn.ttplatform.wh.demo.ClientDuplexChannelHandler.channelRead(ClientDuplexChannelHandler.java:44)]: time = 59868437835800, count = 90000, msg = SetResultCommand{id='54f2d3fb-992c-4601-8c92-954372e7516f89999', result=true}
[2021-07-12 19:00:44,162] [nioEventLoopGroup-2-1] [INFO ] [cn.ttplatform.wh.demo.ClientDuplexChannelHandler.channelRead(ClientDuplexChannelHandler.java:44)]: time = 59868528614900, count = 100000, msg = SetResultCommand{id='54f2d3fb-992c-4601-8c92-954372e7516f99999', result=true}
[2021-07-12 19:00:44,162] [main] [INFO ] [cn.ttplatform.wh.demo.Client$Watcher.waitResult(Client.java:69)]: receive 100000 times resp cost 1362114800 ns.
[2021-07-12 19:00:44,163] [main] [INFO ] [cn.ttplatform.wh.demo.Client.main(Client.java:132)]: test 100000 times GetCommand.
[2021-07-12 19:00:44,347] [nioEventLoopGroup-2-1] [INFO ] [cn.ttplatform.wh.demo.ClientDuplexChannelHandler.channelRead(ClientDuplexChannelHandler.java:44)]: time = 59868713631100, count = 110000, msg = GetResultCommand{id='1a93c65a-cfaf-4f71-88de-77056f54cd379999', value='ca77551c-2604-4ab3-9b7c-95d0bf7e7ad74c790c54-96a6-498e-b54c-64eb4187228f2f458ad1-998e-4d3d-9e7a-814f6f83384d429982ea-cf81-42ad-99999'}
[2021-07-12 19:00:44,408] [nioEventLoopGroup-2-1] [INFO ] [cn.ttplatform.wh.demo.ClientDuplexChannelHandler.channelRead(ClientDuplexChannelHandler.java:44)]: time = 59868775145900, count = 120000, msg = GetResultCommand{id='1a93c65a-cfaf-4f71-88de-77056f54cd3719999', value='ca77551c-2604-4ab3-9b7c-95d0bf7e7ad74c790c54-96a6-498e-b54c-64eb4187228f2f458ad1-998e-4d3d-9e7a-814f6f83384d429982ea-cf81-42ad-919999'}
[2021-07-12 19:00:44,444] [nioEventLoopGroup-2-1] [INFO ] [cn.ttplatform.wh.demo.ClientDuplexChannelHandler.channelRead(ClientDuplexChannelHandler.java:44)]: time = 59868810862100, count = 130000, msg = GetResultCommand{id='1a93c65a-cfaf-4f71-88de-77056f54cd3729999', value='ca77551c-2604-4ab3-9b7c-95d0bf7e7ad74c790c54-96a6-498e-b54c-64eb4187228f2f458ad1-998e-4d3d-9e7a-814f6f83384d429982ea-cf81-42ad-929999'}
[2021-07-12 19:00:44,543] [nioEventLoopGroup-2-1] [INFO ] [cn.ttplatform.wh.demo.ClientDuplexChannelHandler.channelRead(ClientDuplexChannelHandler.java:44)]: time = 59868910012600, count = 140000, msg = GetResultCommand{id='1a93c65a-cfaf-4f71-88de-77056f54cd3739999', value='ca77551c-2604-4ab3-9b7c-95d0bf7e7ad74c790c54-96a6-498e-b54c-64eb4187228f2f458ad1-998e-4d3d-9e7a-814f6f83384d429982ea-cf81-42ad-939999'}
[2021-07-12 19:00:44,594] [nioEventLoopGroup-2-1] [INFO ] [cn.ttplatform.wh.demo.ClientDuplexChannelHandler.channelRead(ClientDuplexChannelHandler.java:44)]: time = 59868960839700, count = 150000, msg = GetResultCommand{id='1a93c65a-cfaf-4f71-88de-77056f54cd3749999', value='ca77551c-2604-4ab3-9b7c-95d0bf7e7ad74c790c54-96a6-498e-b54c-64eb4187228f2f458ad1-998e-4d3d-9e7a-814f6f83384d429982ea-cf81-42ad-949999'}
[2021-07-12 19:00:44,678] [nioEventLoopGroup-2-1] [INFO ] [cn.ttplatform.wh.demo.ClientDuplexChannelHandler.channelRead(ClientDuplexChannelHandler.java:44)]: time = 59869044760200, count = 160000, msg = GetResultCommand{id='1a93c65a-cfaf-4f71-88de-77056f54cd3759999', value='ca77551c-2604-4ab3-9b7c-95d0bf7e7ad74c790c54-96a6-498e-b54c-64eb4187228f2f458ad1-998e-4d3d-9e7a-814f6f83384d429982ea-cf81-42ad-959999'}
[2021-07-12 19:00:44,778] [nioEventLoopGroup-2-1] [INFO ] [cn.ttplatform.wh.demo.ClientDuplexChannelHandler.channelRead(ClientDuplexChannelHandler.java:44)]: time = 59869145720900, count = 170000, msg = GetResultCommand{id='1a93c65a-cfaf-4f71-88de-77056f54cd3769999', value='ca77551c-2604-4ab3-9b7c-95d0bf7e7ad74c790c54-96a6-498e-b54c-64eb4187228f2f458ad1-998e-4d3d-9e7a-814f6f83384d429982ea-cf81-42ad-969999'}
[2021-07-12 19:00:44,879] [nioEventLoopGroup-2-1] [INFO ] [cn.ttplatform.wh.demo.ClientDuplexChannelHandler.channelRead(ClientDuplexChannelHandler.java:44)]: time = 59869246433400, count = 180000, msg = GetResultCommand{id='1a93c65a-cfaf-4f71-88de-77056f54cd3779999', value='ca77551c-2604-4ab3-9b7c-95d0bf7e7ad74c790c54-96a6-498e-b54c-64eb4187228f2f458ad1-998e-4d3d-9e7a-814f6f83384d429982ea-cf81-42ad-979999'}
[2021-07-12 19:00:44,979] [nioEventLoopGroup-2-1] [INFO ] [cn.ttplatform.wh.demo.ClientDuplexChannelHandler.channelRead(ClientDuplexChannelHandler.java:44)]: time = 59869346104600, count = 190000, msg = GetResultCommand{id='1a93c65a-cfaf-4f71-88de-77056f54cd3789999', value='ca77551c-2604-4ab3-9b7c-95d0bf7e7ad74c790c54-96a6-498e-b54c-64eb4187228f2f458ad1-998e-4d3d-9e7a-814f6f83384d429982ea-cf81-42ad-989999'}
[2021-07-12 19:00:45,080] [nioEventLoopGroup-2-1] [INFO ] [cn.ttplatform.wh.demo.ClientDuplexChannelHandler.channelRead(ClientDuplexChannelHandler.java:44)]: time = 59869447268400, count = 200000, msg = GetResultCommand{id='1a93c65a-cfaf-4f71-88de-77056f54cd3799999', value='ca77551c-2604-4ab3-9b7c-95d0bf7e7ad74c790c54-96a6-498e-b54c-64eb4187228f2f458ad1-998e-4d3d-9e7a-814f6f83384d429982ea-cf81-42ad-999999'}
[2021-07-12 19:00:45,080] [main] [INFO ] [cn.ttplatform.wh.demo.Client$Watcher.waitResult(Client.java:69)]: receive 100000 times resp cost 918255800 ns.
[2021-07-12 19:00:45,081] [nioEventLoopGroup-2-1] [INFO ] [cn.ttplatform.wh.demo.ClientDuplexChannelHandler.channelInactive(ClientDuplexChannelHandler.java:37)]: channelInactive
[2021-07-12 19:02:48,727] [main] [INFO ] [cn.ttplatform.wh.demo.Client.main(Client.java:125)]: test 100000 times SetCommand.
[2021-07-12 19:02:49,228] [nioEventLoopGroup-2-1] [INFO ] [cn.ttplatform.wh.demo.ClientDuplexChannelHandler.channelRead(ClientDuplexChannelHandler.java:44)]: time = 59993595634400, count = 10000, msg = SetResultCommand{id='42813340-a246-4d97-a0d6-da2fb2a8c67f9999', result=true}
[2021-07-12 19:02:49,271] [nioEventLoopGroup-2-1] [INFO ] [cn.ttplatform.wh.demo.ClientDuplexChannelHandler.channelRead(ClientDuplexChannelHandler.java:44)]: time = 59993638737300, count = 20000, msg = SetResultCommand{id='42813340-a246-4d97-a0d6-da2fb2a8c67f19999', result=true}
[2021-07-12 19:02:49,330] [nioEventLoopGroup-2-1] [INFO ] [cn.ttplatform.wh.demo.ClientDuplexChannelHandler.channelRead(ClientDuplexChannelHandler.java:44)]: time = 59993697563100, count = 30000, msg = SetResultCommand{id='42813340-a246-4d97-a0d6-da2fb2a8c67f29999', result=true}
[2021-07-12 19:02:49,422] [nioEventLoopGroup-2-1] [INFO ] [cn.ttplatform.wh.demo.ClientDuplexChannelHandler.channelRead(ClientDuplexChannelHandler.java:44)]: time = 59993790002300, count = 40000, msg = SetResultCommand{id='42813340-a246-4d97-a0d6-da2fb2a8c67f39999', result=true}
[2021-07-12 19:02:49,557] [nioEventLoopGroup-2-1] [INFO ] [cn.ttplatform.wh.demo.ClientDuplexChannelHandler.channelRead(ClientDuplexChannelHandler.java:44)]: time = 59993923731200, count = 50000, msg = SetResultCommand{id='42813340-a246-4d97-a0d6-da2fb2a8c67f49999', result=true}
[2021-07-12 19:02:49,659] [nioEventLoopGroup-2-1] [INFO ] [cn.ttplatform.wh.demo.ClientDuplexChannelHandler.channelRead(ClientDuplexChannelHandler.java:44)]: time = 59994025269300, count = 60000, msg = SetResultCommand{id='42813340-a246-4d97-a0d6-da2fb2a8c67f59999', result=true}
[2021-07-12 19:02:49,760] [nioEventLoopGroup-2-1] [INFO ] [cn.ttplatform.wh.demo.ClientDuplexChannelHandler.channelRead(ClientDuplexChannelHandler.java:44)]: time = 59994126682600, count = 70000, msg = SetResultCommand{id='42813340-a246-4d97-a0d6-da2fb2a8c67f69999', result=true}
[2021-07-12 19:02:49,861] [nioEventLoopGroup-2-1] [INFO ] [cn.ttplatform.wh.demo.ClientDuplexChannelHandler.channelRead(ClientDuplexChannelHandler.java:44)]: time = 59994227708300, count = 80000, msg = SetResultCommand{id='42813340-a246-4d97-a0d6-da2fb2a8c67f79999', result=true}
[2021-07-12 19:02:49,962] [nioEventLoopGroup-2-1] [INFO ] [cn.ttplatform.wh.demo.ClientDuplexChannelHandler.channelRead(ClientDuplexChannelHandler.java:44)]: time = 59994329416300, count = 90000, msg = SetResultCommand{id='42813340-a246-4d97-a0d6-da2fb2a8c67f89999', result=true}
[2021-07-12 19:02:50,064] [nioEventLoopGroup-2-1] [INFO ] [cn.ttplatform.wh.demo.ClientDuplexChannelHandler.channelRead(ClientDuplexChannelHandler.java:44)]: time = 59994430944800, count = 100000, msg = SetResultCommand{id='42813340-a246-4d97-a0d6-da2fb2a8c67f99999', result=true}
[2021-07-12 19:02:50,064] [main] [INFO ] [cn.ttplatform.wh.demo.Client$Watcher.waitResult(Client.java:69)]: receive 100000 times resp cost 1338402400 ns.
[2021-07-12 19:02:50,064] [main] [INFO ] [cn.ttplatform.wh.demo.Client.main(Client.java:132)]: test 100000 times GetCommand.
[2021-07-12 19:02:50,248] [nioEventLoopGroup-2-1] [INFO ] [cn.ttplatform.wh.demo.ClientDuplexChannelHandler.channelRead(ClientDuplexChannelHandler.java:44)]: time = 59994614898200, count = 110000, msg = GetResultCommand{id='c6599afb-c50a-4de8-bbdc-c0d07fa95b7b9999', value='11ea4cae-06d4-415e-b683-70c8a36aadd15294e6ac-8899-4d25-bcad-99ead232ff26fff90355-4a9c-4506-be82-9f3057c194ecb00a1a4d-c5c5-49b2-89999'}
[2021-07-12 19:02:50,286] [nioEventLoopGroup-2-1] [INFO ] [cn.ttplatform.wh.demo.ClientDuplexChannelHandler.channelRead(ClientDuplexChannelHandler.java:44)]: time = 59994653878000, count = 120000, msg = GetResultCommand{id='c6599afb-c50a-4de8-bbdc-c0d07fa95b7b19999', value='11ea4cae-06d4-415e-b683-70c8a36aadd15294e6ac-8899-4d25-bcad-99ead232ff26fff90355-4a9c-4506-be82-9f3057c194ecb00a1a4d-c5c5-49b2-819999'}
[2021-07-12 19:02:50,384] [nioEventLoopGroup-2-1] [INFO ] [cn.ttplatform.wh.demo.ClientDuplexChannelHandler.channelRead(ClientDuplexChannelHandler.java:44)]: time = 59994751685500, count = 130000, msg = GetResultCommand{id='c6599afb-c50a-4de8-bbdc-c0d07fa95b7b29999', value='11ea4cae-06d4-415e-b683-70c8a36aadd15294e6ac-8899-4d25-bcad-99ead232ff26fff90355-4a9c-4506-be82-9f3057c194ecb00a1a4d-c5c5-49b2-829999'}
[2021-07-12 19:02:50,485] [nioEventLoopGroup-2-1] [INFO ] [cn.ttplatform.wh.demo.ClientDuplexChannelHandler.channelRead(ClientDuplexChannelHandler.java:44)]: time = 59994852547600, count = 140000, msg = GetResultCommand{id='c6599afb-c50a-4de8-bbdc-c0d07fa95b7b39999', value='11ea4cae-06d4-415e-b683-70c8a36aadd15294e6ac-8899-4d25-bcad-99ead232ff26fff90355-4a9c-4506-be82-9f3057c194ecb00a1a4d-c5c5-49b2-839999'}
[2021-07-12 19:02:50,587] [nioEventLoopGroup-2-1] [INFO ] [cn.ttplatform.wh.demo.ClientDuplexChannelHandler.channelRead(ClientDuplexChannelHandler.java:44)]: time = 59994953620900, count = 150000, msg = GetResultCommand{id='c6599afb-c50a-4de8-bbdc-c0d07fa95b7b49999', value='11ea4cae-06d4-415e-b683-70c8a36aadd15294e6ac-8899-4d25-bcad-99ead232ff26fff90355-4a9c-4506-be82-9f3057c194ecb00a1a4d-c5c5-49b2-849999'}
[2021-07-12 19:02:50,688] [nioEventLoopGroup-2-1] [INFO ] [cn.ttplatform.wh.demo.ClientDuplexChannelHandler.channelRead(ClientDuplexChannelHandler.java:44)]: time = 59995054553000, count = 160000, msg = GetResultCommand{id='c6599afb-c50a-4de8-bbdc-c0d07fa95b7b59999', value='11ea4cae-06d4-415e-b683-70c8a36aadd15294e6ac-8899-4d25-bcad-99ead232ff26fff90355-4a9c-4506-be82-9f3057c194ecb00a1a4d-c5c5-49b2-859999'}
[2021-07-12 19:02:50,788] [nioEventLoopGroup-2-1] [INFO ] [cn.ttplatform.wh.demo.ClientDuplexChannelHandler.channelRead(ClientDuplexChannelHandler.java:44)]: time = 59995154796600, count = 170000, msg = GetResultCommand{id='c6599afb-c50a-4de8-bbdc-c0d07fa95b7b69999', value='11ea4cae-06d4-415e-b683-70c8a36aadd15294e6ac-8899-4d25-bcad-99ead232ff26fff90355-4a9c-4506-be82-9f3057c194ecb00a1a4d-c5c5-49b2-869999'}
[2021-07-12 19:02:50,890] [nioEventLoopGroup-2-1] [INFO ] [cn.ttplatform.wh.demo.ClientDuplexChannelHandler.channelRead(ClientDuplexChannelHandler.java:44)]: time = 59995256470800, count = 180000, msg = GetResultCommand{id='c6599afb-c50a-4de8-bbdc-c0d07fa95b7b79999', value='11ea4cae-06d4-415e-b683-70c8a36aadd15294e6ac-8899-4d25-bcad-99ead232ff26fff90355-4a9c-4506-be82-9f3057c194ecb00a1a4d-c5c5-49b2-879999'}
[2021-07-12 19:02:50,991] [nioEventLoopGroup-2-1] [INFO ] [cn.ttplatform.wh.demo.ClientDuplexChannelHandler.channelRead(ClientDuplexChannelHandler.java:44)]: time = 59995358208200, count = 190000, msg = GetResultCommand{id='c6599afb-c50a-4de8-bbdc-c0d07fa95b7b89999', value='11ea4cae-06d4-415e-b683-70c8a36aadd15294e6ac-8899-4d25-bcad-99ead232ff26fff90355-4a9c-4506-be82-9f3057c194ecb00a1a4d-c5c5-49b2-889999'}
[2021-07-12 19:02:51,093] [nioEventLoopGroup-2-1] [INFO ] [cn.ttplatform.wh.demo.ClientDuplexChannelHandler.channelRead(ClientDuplexChannelHandler.java:44)]: time = 59995460513300, count = 200000, msg = GetResultCommand{id='c6599afb-c50a-4de8-bbdc-c0d07fa95b7b99999', value='11ea4cae-06d4-415e-b683-70c8a36aadd15294e6ac-8899-4d25-bcad-99ead232ff26fff90355-4a9c-4506-be82-9f3057c194ecb00a1a4d-c5c5-49b2-899999'}
[2021-07-12 19:02:51,094] [main] [INFO ] [cn.ttplatform.wh.demo.Client$Watcher.waitResult(Client.java:69)]: receive 100000 times resp cost 1029204000 ns.
[2021-07-12 19:02:51,095] [nioEventLoopGroup-2-1] [INFO ] [cn.ttplatform.wh.demo.ClientDuplexChannelHandler.channelInactive(ClientDuplexChannelHandler.java:37)]: channelInactive
